2025-12-28 07:15:09,699 | INFO | ✅ Log file: ./logs/KPKT_SCRAPE_TELADAN_20251228_050330.log
2025-12-28 07:15:09,700 | INFO | ✅ Start Pemaju: TELADAN
2025-12-28 07:15:09,700 | INFO | ✅ Output folder: ./data/pemaju/TELADAN
2025-12-28 07:15:09,700 | INFO | ====== WebDriver manager ======
2025-12-28 07:15:09,765 | INFO | Get LATEST chromedriver version for google-chrome
2025-12-28 07:15:09,810 | INFO | Get LATEST chromedriver version for google-chrome
2025-12-28 07:15:09,859 | INFO | Driver [/home/runner/.wdm/drivers/chromedriver/linux64/143.0.7499.169/chromedriver-linux64/chromedriver] found in cache
2025-12-28 07:15:10,080 | INFO | ✅ Chrome started (headless=True)
2025-12-28 07:15:16,477 | INFO | ✅ Opened https://teduh.kpkt.gov.my/semakan-status-kemajuan
2025-12-28 07:15:21,111 | INFO | ✅ Jenis Carian = Pemaju
2025-12-28 07:15:25,726 | INFO | ✅ Negeri = Melaka
2025-12-28 07:15:27,316 | INFO | ✅ Kata Kunci = TELADAN
2025-12-28 07:15:29,633 | INFO | ✅ Clicked CARI
2025-12-28 07:15:29,647 | INFO | ✅ Results table loaded
2025-12-28 07:15:29,647 | INFO | ✅ Processing listing page 1
2025-12-28 07:15:29,706 | INFO | ✅ [1] Open: 31199-1 TAMAN BANDAR BAHARU KIJAL
2025-12-28 07:15:34,515 | INFO | ✅ Opened project detail
2025-12-28 07:15:38,342 | INFO | ✅ Tab opened: maklumat projek
2025-12-28 07:15:38,356 | INFO | ✅ Daerah Projek = 'Melaka Tengah'
2025-12-28 07:15:38,390 | INFO | ✅ Maklumat Projek scraped
2025-12-28 07:15:42,210 | INFO | ✅ Tab opened: status terkini projek
2025-12-28 07:15:42,225 | INFO | ✅ Maklumat Pembangunan = Berfasa
2025-12-28 07:15:42,225 | INFO | ✅ Status Keseluruhan = Belum Mula
2025-12-28 07:15:42,451 | INFO | ✅ Status table rows = 3
2025-12-28 07:15:46,265 | INFO | ✅ Tab opened: maklumat projek
2025-12-28 07:15:51,096 | INFO | ✅ Unit modal opened
2025-12-28 07:15:55,006 | INFO | ✅ Clicked Paparan Senarai
2025-12-28 07:16:04,714 | INFO | ✅ Unit rows scraped = 285
2025-12-28 07:16:07,034 | INFO | ✅ Unit modal closed (TUTUP)
2025-12-28 07:16:07,034 | INFO | ✅ Unit details scraped
2025-12-28 07:16:08,556 | INFO | ✅ Returned to listing
2025-12-28 07:16:08,592 | INFO | ✅ [2] Open: 7305-38 TAMAN BERTAM HEIGHTS
2025-12-28 07:16:13,409 | INFO | ✅ Opened project detail
2025-12-28 07:16:17,234 | INFO | ✅ Tab opened: maklumat projek
2025-12-28 07:16:17,251 | INFO | ✅ Daerah Projek = 'Melaka Tengah'
2025-12-28 07:16:17,287 | INFO | ✅ Maklumat Projek scraped
2025-12-28 07:16:21,103 | INFO | ✅ Tab opened: status terkini projek
2025-12-28 07:16:21,118 | INFO | ✅ Maklumat Pembangunan = Berfasa
2025-12-28 07:16:21,119 | INFO | ✅ Status Keseluruhan = Lancar
2025-12-28 07:16:21,276 | INFO | ✅ Status table rows = 2
2025-12-28 07:16:25,093 | INFO | ✅ Tab opened: maklumat projek
2025-12-28 07:16:29,944 | INFO | ✅ Unit modal opened
2025-12-28 07:16:33,905 | INFO | ✅ Clicked Paparan Senarai
2025-12-28 07:16:48,302 | INFO | ✅ Unit rows scraped = 419
2025-12-28 07:16:50,679 | INFO | ✅ Unit modal closed (TUTUP)
2025-12-28 07:16:50,679 | INFO | ✅ Unit details scraped
2025-12-28 07:16:52,201 | INFO | ✅ Returned to listing
2025-12-28 07:16:52,237 | INFO | ✅ [3] Open: 7305-37 TAMAN IMPIANA KESANG
2025-12-28 07:16:57,054 | INFO | ✅ Opened project detail
2025-12-28 07:17:00,883 | INFO | ✅ Tab opened: maklumat projek
2025-12-28 07:17:00,900 | INFO | ✅ Daerah Projek = 'Jasin'
2025-12-28 07:17:00,936 | INFO | ✅ Maklumat Projek scraped
2025-12-28 07:17:04,755 | INFO | ✅ Tab opened: status terkini projek
2025-12-28 07:17:04,770 | INFO | ✅ Maklumat Pembangunan = Berfasa
2025-12-28 07:17:04,771 | INFO | ✅ Status Keseluruhan = Lancar
2025-12-28 07:17:04,931 | INFO | ✅ Status table rows = 2
2025-12-28 07:17:08,748 | INFO | ✅ Tab opened: maklumat projek
2025-12-28 07:17:13,610 | INFO | ✅ Unit modal opened
2025-12-28 07:17:17,477 | INFO | ✅ Clicked Paparan Senarai
2025-12-28 07:17:21,837 | INFO | ✅ Unit rows scraped = 129
2025-12-28 07:17:24,155 | INFO | ✅ Unit modal closed (TUTUP)
2025-12-28 07:17:24,156 | INFO | ✅ Unit details scraped
2025-12-28 07:17:25,676 | INFO | ✅ Returned to listing
2025-12-28 07:17:25,715 | INFO | ✅ [4] Open: 7305-36 TAMAN IMPIANA KESANG
2025-12-28 07:17:30,525 | INFO | ✅ Opened project detail
2025-12-28 07:17:34,344 | INFO | ✅ Tab opened: maklumat projek
2025-12-28 07:17:34,356 | INFO | ✅ Daerah Projek = 'Jasin'
2025-12-28 07:17:34,382 | INFO | ✅ Maklumat Projek scraped
2025-12-28 07:17:38,195 | INFO | ✅ Tab opened: status terkini projek
2025-12-28 07:17:38,206 | INFO | ✅ Maklumat Pembangunan = Berfasa
2025-12-28 07:17:38,206 | INFO | ✅ Status Keseluruhan = Lancar
2025-12-28 07:17:38,364 | INFO | ✅ Status table rows = 2
2025-12-28 07:17:42,186 | INFO | ✅ Tab opened: maklumat projek
2025-12-28 07:17:47,015 | INFO | ✅ Unit modal opened
2025-12-28 07:17:50,875 | INFO | ✅ Clicked Paparan Senarai
2025-12-28 07:17:56,328 | INFO | ✅ Unit rows scraped = 163
2025-12-28 07:17:58,689 | INFO | ✅ Unit modal closed (TUTUP)
2025-12-28 07:17:58,690 | INFO | ✅ Unit details scraped
2025-12-28 07:18:00,206 | INFO | ✅ Returned to listing
2025-12-28 07:18:00,243 | INFO | ✅ [5] Open: 7305-35 RUMAH BANDAR TAMAN BERTAM HEIGHTS
2025-12-28 07:18:05,046 | INFO | ✅ Opened project detail
2025-12-28 07:18:08,864 | INFO | ✅ Tab opened: maklumat projek
2025-12-28 07:18:08,881 | INFO | ✅ Daerah Projek = 'Melaka Tengah'
2025-12-28 07:18:08,915 | INFO | ✅ Maklumat Projek scraped
2025-12-28 07:18:12,733 | INFO | ✅ Tab opened: status terkini projek
2025-12-28 07:18:12,748 | INFO | ✅ Maklumat Pembangunan = Berfasa
2025-12-28 07:18:12,748 | INFO | ✅ Status Keseluruhan = Lancar
2025-12-28 07:18:12,839 | INFO | ✅ Status table rows = 1
2025-12-28 07:18:16,655 | INFO | ✅ Tab opened: maklumat projek
2025-12-28 07:18:21,487 | INFO | ✅ Unit modal opened
2025-12-28 07:18:25,370 | INFO | ✅ Clicked Paparan Senarai
2025-12-28 07:18:32,556 | INFO | ✅ Unit rows scraped = 211
2025-12-28 07:18:34,874 | INFO | ✅ Unit modal closed (TUTUP)
2025-12-28 07:18:34,875 | INFO | ✅ Unit details scraped
2025-12-28 07:18:36,397 | INFO | ✅ Returned to listing
2025-12-28 07:18:36,436 | INFO | ✅ [6] Open: 7305-34 TAMAN BERTAM HEIGHTS
2025-12-28 07:18:41,249 | INFO | ✅ Opened project detail
2025-12-28 07:18:45,067 | INFO | ✅ Tab opened: maklumat projek
2025-12-28 07:18:45,080 | INFO | ✅ Daerah Projek = 'Melaka Tengah'
2025-12-28 07:18:45,105 | INFO | ✅ Maklumat Projek scraped
2025-12-28 07:18:48,920 | INFO | ✅ Tab opened: status terkini projek
2025-12-28 07:18:48,932 | INFO | ✅ Maklumat Pembangunan = Berfasa
2025-12-28 07:18:48,932 | INFO | ✅ Status Keseluruhan = Lancar
2025-12-28 07:18:49,083 | INFO | ✅ Status table rows = 2
2025-12-28 07:18:52,902 | INFO | ✅ Tab opened: maklumat projek
2025-12-28 07:18:57,736 | INFO | ✅ Unit modal opened
2025-12-28 07:19:01,634 | INFO | ✅ Clicked Paparan Senarai
2025-12-28 07:19:13,706 | INFO | ✅ Unit rows scraped = 352
2025-12-28 07:19:16,053 | INFO | ✅ Unit modal closed (TUTUP)
2025-12-28 07:19:16,053 | INFO | ✅ Unit details scraped
2025-12-28 07:19:17,570 | INFO | ✅ Returned to listing
2025-12-28 07:19:17,606 | INFO | ✅ [7] Open: 7305-33 TAMAN IMPIANA KESANG
2025-12-28 07:19:22,410 | INFO | ✅ Opened project detail
2025-12-28 07:19:26,236 | INFO | ✅ Tab opened: maklumat projek
2025-12-28 07:19:26,253 | INFO | ✅ Daerah Projek = 'Jasin'
2025-12-28 07:19:26,293 | INFO | ✅ Maklumat Projek scraped
2025-12-28 07:19:30,113 | INFO | ✅ Tab opened: status terkini projek
2025-12-28 07:19:30,128 | INFO | ✅ Maklumat Pembangunan = Berfasa
2025-12-28 07:19:30,128 | INFO | ✅ Status Keseluruhan = Siap Dengan CCC
2025-12-28 07:19:30,297 | INFO | ✅ Status table rows = 2
2025-12-28 07:19:34,113 | INFO | ✅ Tab opened: maklumat projek
2025-12-28 07:19:38,968 | INFO | ✅ Unit modal opened
2025-12-28 07:19:42,855 | INFO | ✅ Clicked Paparan Senarai
2025-12-28 07:19:50,527 | INFO | ✅ Unit rows scraped = 224
2025-12-28 07:19:52,897 | INFO | ✅ Unit modal closed (TUTUP)
2025-12-28 07:19:52,897 | INFO | ✅ Unit details scraped
2025-12-28 07:19:54,418 | INFO | ✅ Returned to listing
2025-12-28 07:19:54,454 | INFO | ✅ [8] Open: 7305-32 TAMAN BERTAM HEIGHTS
2025-12-28 07:19:59,265 | INFO | ✅ Opened project detail
2025-12-28 07:20:03,100 | INFO | ✅ Tab opened: maklumat projek
2025-12-28 07:20:03,116 | INFO | ✅ Daerah Projek = 'Melaka Tengah'
2025-12-28 07:20:03,151 | INFO | ✅ Maklumat Projek scraped
2025-12-28 07:20:06,967 | INFO | ✅ Tab opened: status terkini projek
2025-12-28 07:20:06,983 | INFO | ✅ Maklumat Pembangunan = Berfasa
2025-12-28 07:20:06,983 | INFO | ✅ Status Keseluruhan = Siap Dengan CCC
2025-12-28 07:20:07,142 | INFO | ✅ Status table rows = 2
2025-12-28 07:20:10,955 | INFO | ✅ Tab opened: maklumat projek
2025-12-28 07:20:15,811 | INFO | ✅ Unit modal opened
2025-12-28 07:20:19,762 | INFO | ✅ Clicked Paparan Senarai
2025-12-28 07:20:35,085 | INFO | ✅ Unit rows scraped = 442
2025-12-28 07:20:37,412 | INFO | ✅ Unit modal closed (TUTUP)
2025-12-28 07:20:37,412 | INFO | ✅ Unit details scraped
2025-12-28 07:20:38,932 | INFO | ✅ Returned to listing
2025-12-28 07:20:38,968 | INFO | ✅ [9] Open: 7305-31 TAMAN IMPIANA KESANG
2025-12-28 07:20:43,778 | INFO | ✅ Opened project detail
2025-12-28 07:20:47,604 | INFO | ✅ Tab opened: maklumat projek
2025-12-28 07:20:47,619 | INFO | ✅ Daerah Projek = 'Jasin'
2025-12-28 07:20:47,655 | INFO | ✅ Maklumat Projek scraped
2025-12-28 07:20:51,471 | INFO | ✅ Tab opened: status terkini projek
2025-12-28 07:20:51,485 | INFO | ✅ Maklumat Pembangunan = Berfasa
2025-12-28 07:20:51,485 | INFO | ✅ Status Keseluruhan = Siap Dengan CCC
2025-12-28 07:20:51,708 | INFO | ✅ Status table rows = 3
2025-12-28 07:20:55,523 | INFO | ✅ Tab opened: maklumat projek
2025-12-28 07:21:00,379 | INFO | ✅ Unit modal opened
2025-12-28 07:21:04,325 | INFO | ✅ Clicked Paparan Senarai
2025-12-28 07:21:19,238 | INFO | ✅ Unit rows scraped = 433
2025-12-28 07:21:21,585 | INFO | ✅ Unit modal closed (TUTUP)
2025-12-28 07:21:21,585 | INFO | ✅ Unit details scraped
2025-12-28 07:21:23,107 | INFO | ✅ Returned to listing
2025-12-28 07:21:23,143 | INFO | ✅ [10] Open: 7305-30 TAMAN DESA BERTAM
2025-12-28 07:21:27,951 | INFO | ✅ Opened project detail
2025-12-28 07:21:31,779 | INFO | ✅ Tab opened: maklumat projek
2025-12-28 07:21:31,796 | INFO | ✅ Daerah Projek = 'Melaka Tengah'
2025-12-28 07:21:31,831 | INFO | ✅ Maklumat Projek scraped
2025-12-28 07:21:35,647 | INFO | ✅ Tab opened: status terkini projek
2025-12-28 07:21:35,662 | INFO | ✅ Maklumat Pembangunan = Berfasa
2025-12-28 07:21:35,662 | INFO | ✅ Status Keseluruhan = Siap Dengan CCC
2025-12-28 07:21:35,751 | INFO | ✅ Status table rows = 1
2025-12-28 07:21:39,566 | INFO | ✅ Tab opened: maklumat projek
2025-12-28 07:21:44,430 | INFO | ✅ Unit modal opened
2025-12-28 07:21:48,331 | INFO | ✅ Clicked Paparan Senarai
2025-12-28 07:21:57,570 | INFO | ✅ Unit rows scraped = 273
2025-12-28 07:21:59,945 | INFO | ✅ Unit modal closed (TUTUP)
2025-12-28 07:21:59,945 | INFO | ✅ Unit details scraped
2025-12-28 07:22:01,466 | INFO | ✅ Returned to listing
2025-12-28 07:22:01,501 | INFO | ✅ [11] Open: 7305-29 TAMAN BERTAM HEIGHTS
2025-12-28 07:22:06,332 | INFO | ✅ Opened project detail
2025-12-28 07:22:10,163 | INFO | ✅ Tab opened: maklumat projek
2025-12-28 07:22:10,180 | INFO | ✅ Daerah Projek = 'Melaka Tengah'
2025-12-28 07:22:10,215 | INFO | ✅ Maklumat Projek scraped
2025-12-28 07:22:14,037 | INFO | ✅ Tab opened: status terkini projek
2025-12-28 07:22:14,051 | INFO | ✅ Maklumat Pembangunan = Berfasa
2025-12-28 07:22:14,051 | INFO | ✅ Status Keseluruhan = Siap Dengan CCC
2025-12-28 07:22:14,209 | INFO | ✅ Status table rows = 2
2025-12-28 07:22:18,029 | INFO | ✅ Tab opened: maklumat projek
2025-12-28 07:22:22,890 | INFO | ✅ Unit modal opened
2025-12-28 07:22:26,803 | INFO | ✅ Clicked Paparan Senarai
2025-12-28 07:22:36,324 | INFO | ✅ Unit rows scraped = 276
2025-12-28 07:22:38,646 | INFO | ✅ Unit modal closed (TUTUP)
2025-12-28 07:22:38,646 | INFO | ✅ Unit details scraped
2025-12-28 07:22:40,169 | INFO | ✅ Returned to listing
2025-12-28 07:22:40,205 | INFO | ✅ [12] Open: 7305-28 TAMAN DESA BERTAM
2025-12-28 07:22:45,011 | INFO | ✅ Opened project detail
2025-12-28 07:22:48,842 | INFO | ✅ Tab opened: maklumat projek
2025-12-28 07:22:48,858 | INFO | ✅ Daerah Projek = 'Melaka Tengah'
2025-12-28 07:22:48,893 | INFO | ✅ Maklumat Projek scraped
2025-12-28 07:22:52,710 | INFO | ✅ Tab opened: status terkini projek
2025-12-28 07:22:52,725 | INFO | ✅ Maklumat Pembangunan = Berfasa
2025-12-28 07:22:52,725 | INFO | ✅ Status Keseluruhan = Siap Dengan CCC
2025-12-28 07:22:52,979 | INFO | ✅ Status table rows = 3
2025-12-28 07:22:56,796 | INFO | ✅ Tab opened: maklumat projek
2025-12-28 07:23:01,641 | INFO | ✅ Unit modal opened
2025-12-28 07:23:05,608 | INFO | ✅ Clicked Paparan Senarai
2025-12-28 07:23:22,190 | INFO | ✅ Unit rows scraped = 486
2025-12-28 07:23:24,517 | INFO | ✅ Unit modal closed (TUTUP)
2025-12-28 07:23:24,517 | INFO | ✅ Unit details scraped
2025-12-28 07:23:26,038 | INFO | ✅ Returned to listing
2025-12-28 07:23:26,074 | INFO | ✅ [13] Open: 7305-27 TAMAN DESA BERTAM
2025-12-28 07:23:30,885 | INFO | ✅ Opened project detail
2025-12-28 07:23:34,711 | INFO | ✅ Tab opened: maklumat projek
2025-12-28 07:23:34,727 | INFO | ✅ Daerah Projek = 'Melaka Tengah'
2025-12-28 07:23:34,763 | INFO | ✅ Maklumat Projek scraped
2025-12-28 07:23:38,582 | INFO | ✅ Tab opened: status terkini projek
2025-12-28 07:23:38,596 | INFO | ✅ Maklumat Pembangunan = Berfasa
2025-12-28 07:23:38,596 | INFO | ✅ Status Keseluruhan = Siap Dengan CCC
2025-12-28 07:23:38,910 | INFO | ✅ Status table rows = 4
2025-12-28 07:23:42,725 | INFO | ✅ Tab opened: maklumat projek
2025-12-28 07:23:47,585 | INFO | ✅ Unit modal opened
2025-12-28 07:23:51,549 | INFO | ✅ Clicked Paparan Senarai
2025-12-28 07:24:04,800 | INFO | ✅ Unit rows scraped = 389
2025-12-28 07:24:07,133 | INFO | ✅ Unit modal closed (TUTUP)
2025-12-28 07:24:07,133 | INFO | ✅ Unit details scraped
2025-12-28 07:24:08,655 | INFO | ✅ Returned to listing
2025-12-28 07:24:08,692 | INFO | ✅ [14] Open: 7305-26 TAMAN BERTAM SETIA
2025-12-28 07:24:13,504 | INFO | ✅ Opened project detail
2025-12-28 07:24:17,341 | INFO | ✅ Tab opened: maklumat projek
2025-12-28 07:24:17,358 | INFO | ✅ Daerah Projek = 'Melaka Tengah'
2025-12-28 07:24:17,393 | INFO | ✅ Maklumat Projek scraped
2025-12-28 07:24:21,211 | INFO | ✅ Tab opened: status terkini projek
2025-12-28 07:24:21,226 | INFO | ✅ Maklumat Pembangunan = Berfasa
2025-12-28 07:24:21,226 | INFO | ✅ Status Keseluruhan = Siap Dengan CCC
2025-12-28 07:24:21,316 | INFO | ✅ Status table rows = 1
2025-12-28 07:24:25,130 | INFO | ✅ Tab opened: maklumat projek
2025-12-28 07:24:30,004 | INFO | ✅ Unit modal opened
2025-12-28 07:24:33,861 | INFO | ✅ Clicked Paparan Senarai
2025-12-28 07:24:36,607 | INFO | ✅ Unit rows scraped = 77
2025-12-28 07:24:38,916 | INFO | ✅ Unit modal closed (TUTUP)
2025-12-28 07:24:38,916 | INFO | ✅ Unit details scraped
2025-12-28 07:24:40,433 | INFO | ✅ Returned to listing
2025-12-28 07:24:40,469 | INFO | ✅ [15] Open: 7305-25 TAMAN DESA BERTAM
2025-12-28 07:24:45,277 | INFO | ✅ Opened project detail
2025-12-28 07:24:49,097 | INFO | ✅ Tab opened: maklumat projek
2025-12-28 07:24:49,109 | INFO | ✅ Daerah Projek = 'Melaka Tengah'
2025-12-28 07:24:49,135 | INFO | ✅ Maklumat Projek scraped
2025-12-28 07:24:52,950 | INFO | ✅ Tab opened: status terkini projek
2025-12-28 07:24:52,962 | INFO | ✅ Maklumat Pembangunan = Berfasa
2025-12-28 07:24:52,963 | INFO | ✅ Status Keseluruhan = Siap Dengan CCC
2025-12-28 07:24:53,269 | INFO | ✅ Status table rows = 4
2025-12-28 07:24:57,088 | INFO | ✅ Tab opened: maklumat projek
2025-12-28 07:25:01,908 | INFO | ✅ Unit modal opened
2025-12-28 07:25:05,924 | INFO | ✅ Clicked Paparan Senarai
2025-12-28 07:25:32,846 | INFO | ✅ Unit rows scraped = 764
2025-12-28 07:25:35,202 | INFO | ✅ Unit modal closed (TUTUP)
2025-12-28 07:25:35,202 | INFO | ✅ Unit details scraped
2025-12-28 07:25:36,723 | INFO | ✅ Returned to listing
2025-12-28 07:25:36,758 | INFO | ✅ [16] Open: 7305-24 TAMAN BERTAM SETIA
2025-12-28 07:25:41,568 | INFO | ✅ Opened project detail
2025-12-28 07:25:45,395 | INFO | ✅ Tab opened: maklumat projek
2025-12-28 07:25:45,411 | INFO | ✅ Daerah Projek = 'Melaka Tengah'
2025-12-28 07:25:45,446 | INFO | ✅ Maklumat Projek scraped
2025-12-28 07:25:49,261 | INFO | ✅ Tab opened: status terkini projek
2025-12-28 07:25:49,276 | INFO | ✅ Maklumat Pembangunan = Berfasa
2025-12-28 07:25:49,276 | INFO | ✅ Status Keseluruhan = Siap Dengan CCC
2025-12-28 07:25:49,364 | INFO | ✅ Status table rows = 1
2025-12-28 07:25:53,179 | INFO | ✅ Tab opened: maklumat projek
2025-12-28 07:25:58,050 | INFO | ✅ Unit modal opened
2025-12-28 07:26:01,893 | INFO | ✅ Clicked Paparan Senarai
2025-12-28 07:26:02,683 | INFO | ✅ Unit rows scraped = 23
2025-12-28 07:26:05,041 | INFO | ✅ Unit modal closed (TUTUP)
2025-12-28 07:26:05,041 | INFO | ✅ Unit details scraped
2025-12-28 07:26:06,559 | INFO | ✅ Returned to listing
2025-12-28 07:26:06,594 | INFO | ✅ [17] Open: 7305-23 TAMAN BELIMBING SETIA
2025-12-28 07:26:11,399 | INFO | ✅ Opened project detail
2025-12-28 07:26:15,217 | INFO | ✅ Tab opened: maklumat projek
2025-12-28 07:26:15,230 | INFO | ✅ Daerah Projek = 'Alor Gajah'
2025-12-28 07:26:15,255 | INFO | ✅ Maklumat Projek scraped
2025-12-28 07:26:19,068 | INFO | ✅ Tab opened: status terkini projek
2025-12-28 07:26:19,081 | INFO | ✅ Maklumat Pembangunan = Berfasa
2025-12-28 07:26:19,081 | INFO | ✅ Status Keseluruhan = Permit Telah Dibatalkan
2025-12-28 07:26:19,225 | INFO | ✅ Status table rows = 2
2025-12-28 07:26:23,040 | INFO | ✅ Tab opened: maklumat projek
2025-12-28 07:26:27,859 | INFO | ✅ Unit modal opened
2025-12-28 07:26:31,694 | INFO | ✅ Clicked Paparan Senarai
2025-12-28 07:26:32,487 | INFO | ✅ Unit rows scraped = 23
2025-12-28 07:26:34,815 | INFO | ✅ Unit modal closed (TUTUP)
2025-12-28 07:26:34,815 | INFO | ✅ Unit details scraped
2025-12-28 07:26:36,333 | INFO | ✅ Returned to listing
2025-12-28 07:26:36,369 | INFO | ✅ [18] Open: 7305-22 TAMAN SERI TUAH PERMAI
2025-12-28 07:26:41,171 | INFO | ✅ Opened project detail
2025-12-28 07:26:44,987 | INFO | ✅ Tab opened: maklumat projek
2025-12-28 07:26:45,000 | INFO | ✅ Daerah Projek = 'Alor Gajah'
2025-12-28 07:26:45,026 | INFO | ✅ Maklumat Projek scraped
2025-12-28 07:26:48,841 | INFO | ✅ Tab opened: status terkini projek
2025-12-28 07:26:48,852 | INFO | ✅ Maklumat Pembangunan = Berfasa
2025-12-28 07:26:48,852 | INFO | ✅ Status Keseluruhan = Siap Dengan CCC
2025-12-28 07:26:49,021 | INFO | ✅ Status table rows = 2
2025-12-28 07:26:52,835 | INFO | ✅ Tab opened: maklumat projek
2025-12-28 07:26:57,656 | INFO | ✅ Unit modal opened
2025-12-28 07:27:01,488 | INFO | ✅ Clicked Paparan Senarai
2025-12-28 07:27:03,438 | INFO | ✅ Unit rows scraped = 58
2025-12-28 07:27:05,800 | INFO | ✅ Unit modal closed (TUTUP)
2025-12-28 07:27:05,800 | INFO | ✅ Unit details scraped
2025-12-28 07:27:07,317 | INFO | ✅ Returned to listing
2025-12-28 07:27:07,352 | INFO | ✅ [19] Open: 7305-21 TAMAN DESA IDAMAN
2025-12-28 07:27:12,154 | INFO | ✅ Opened project detail
2025-12-28 07:27:15,972 | INFO | ✅ Tab opened: maklumat projek
2025-12-28 07:27:15,985 | INFO | ✅ Daerah Projek = 'Alor Gajah'
2025-12-28 07:27:16,011 | INFO | ✅ Maklumat Projek scraped
2025-12-28 07:27:19,823 | INFO | ✅ Tab opened: status terkini projek
2025-12-28 07:27:19,835 | INFO | ✅ Maklumat Pembangunan = Berfasa
2025-12-28 07:27:19,835 | INFO | ✅ Status Keseluruhan = Siap Dengan CCC
2025-12-28 07:27:19,981 | INFO | ✅ Status table rows = 2
2025-12-28 07:27:23,800 | INFO | ✅ Tab opened: maklumat projek
2025-12-28 07:27:28,622 | INFO | ✅ Unit modal opened
2025-12-28 07:27:32,479 | INFO | ✅ Clicked Paparan Senarai
2025-12-28 07:27:38,163 | INFO | ✅ Unit rows scraped = 168
2025-12-28 07:27:40,472 | INFO | ✅ Unit modal closed (TUTUP)
2025-12-28 07:27:40,473 | INFO | ✅ Unit details scraped
2025-12-28 07:27:41,990 | INFO | ✅ Returned to listing
2025-12-28 07:27:42,025 | INFO | ✅ [20] Open: 7305-20 TAMAN BELIMBING SETIA
2025-12-28 07:27:46,830 | INFO | ✅ Opened project detail
2025-12-28 07:27:50,651 | INFO | ✅ Tab opened: maklumat projek
2025-12-28 07:27:50,667 | INFO | ✅ Daerah Projek = 'Alor Gajah'
2025-12-28 07:27:50,704 | INFO | ✅ Maklumat Projek scraped
2025-12-28 07:27:54,520 | INFO | ✅ Tab opened: status terkini projek
2025-12-28 07:27:54,534 | INFO | ✅ Maklumat Pembangunan = Berfasa
2025-12-28 07:27:54,535 | INFO | ✅ Status Keseluruhan = Siap Dengan CCC
2025-12-28 07:27:54,692 | INFO | ✅ Status table rows = 2
2025-12-28 07:27:58,507 | INFO | ✅ Tab opened: maklumat projek
2025-12-28 07:28:03,340 | INFO | ✅ Unit modal opened
2025-12-28 07:28:07,242 | INFO | ✅ Clicked Paparan Senarai
2025-12-28 07:28:13,945 | INFO | ✅ Unit rows scraped = 197
2025-12-28 07:28:16,312 | INFO | ✅ Unit modal closed (TUTUP)
2025-12-28 07:28:16,312 | INFO | ✅ Unit details scraped
2025-12-28 07:28:17,834 | INFO | ✅ Returned to listing
2025-12-28 07:28:22,655 | INFO | ✅ Next page clicked
2025-12-28 07:28:22,655 | INFO | ✅ Processing listing page 2
2025-12-28 07:28:22,710 | INFO | ✅ [21] Open: 7305-19 TAMAN KRUBONG INDAH
2025-12-28 07:28:27,519 | INFO | ✅ Opened project detail
2025-12-28 07:28:31,340 | INFO | ✅ Tab opened: maklumat projek
2025-12-28 07:28:31,354 | INFO | ✅ Daerah Projek = 'Melaka Tengah'
2025-12-28 07:28:31,391 | INFO | ✅ Maklumat Projek scraped
2025-12-28 07:28:35,205 | INFO | ✅ Tab opened: status terkini projek
2025-12-28 07:28:35,218 | INFO | ✅ Maklumat Pembangunan = Berfasa
2025-12-28 07:28:35,219 | INFO | ✅ Status Keseluruhan = Siap Dengan CCC
2025-12-28 07:28:35,527 | INFO | ✅ Status table rows = 4
2025-12-28 07:28:39,340 | INFO | ✅ Tab opened: maklumat projek
2025-12-28 07:28:44,171 | INFO | ✅ Unit modal opened
2025-12-28 07:28:48,051 | INFO | ✅ Clicked Paparan Senarai
2025-12-28 07:28:51,766 | INFO | ✅ Unit rows scraped = 108
2025-12-28 07:28:54,074 | INFO | ✅ Unit modal closed (TUTUP)
2025-12-28 07:28:54,074 | INFO | ✅ Unit details scraped
2025-12-28 07:28:55,591 | INFO | ✅ Returned to listing
2025-12-28 07:28:55,627 | INFO | ✅ [22] Open: 7305-18 TAMAN SAUJANA SEKSYEN 4
2025-12-28 07:29:00,432 | INFO | ✅ Opened project detail
2025-12-28 07:29:04,245 | INFO | ✅ Tab opened: maklumat projek
2025-12-28 07:29:04,256 | INFO | ✅ Daerah Projek = 'Melaka Tengah'
2025-12-28 07:29:04,282 | INFO | ✅ Maklumat Projek scraped
2025-12-28 07:29:08,095 | INFO | ✅ Tab opened: status terkini projek
2025-12-28 07:29:08,106 | INFO | ✅ Maklumat Pembangunan = Berfasa
2025-12-28 07:29:08,107 | INFO | ✅ Status Keseluruhan = Siap Dengan CCC
2025-12-28 07:29:08,289 | INFO | ✅ Status table rows = 2
2025-12-28 07:29:12,100 | INFO | ✅ Tab opened: maklumat projek
2025-12-28 07:29:16,925 | INFO | ✅ Unit modal opened
2025-12-28 07:29:20,757 | INFO | ✅ Clicked Paparan Senarai
2025-12-28 07:29:22,503 | INFO | ✅ Unit rows scraped = 50
2025-12-28 07:29:24,810 | INFO | ✅ Unit modal closed (TUTUP)
2025-12-28 07:29:24,810 | INFO | ✅ Unit details scraped
2025-12-28 07:29:26,326 | INFO | ✅ Returned to listing
2025-12-28 07:29:26,362 | INFO | ✅ [23] Open: 7305-17 TAMAN BELIMBING SETIA
2025-12-28 07:29:31,164 | INFO | ✅ Opened project detail
2025-12-28 07:29:34,978 | INFO | ✅ Tab opened: maklumat projek
2025-12-28 07:29:34,989 | INFO | ✅ Daerah Projek = 'Alor Gajah'
2025-12-28 07:29:35,015 | INFO | ✅ Maklumat Projek scraped
2025-12-28 07:29:38,827 | INFO | ✅ Tab opened: status terkini projek
2025-12-28 07:29:38,839 | INFO | ✅ Maklumat Pembangunan = Berfasa
2025-12-28 07:29:38,839 | INFO | ✅ Status Keseluruhan = Siap Dengan CCC
2025-12-28 07:29:39,059 | INFO | ✅ Status table rows = 3
2025-12-28 07:29:42,871 | INFO | ✅ Tab opened: maklumat projek
2025-12-28 07:29:47,692 | INFO | ✅ Unit modal opened
2025-12-28 07:29:51,523 | INFO | ✅ Clicked Paparan Senarai
2025-12-28 07:29:53,267 | INFO | ✅ Unit rows scraped = 50
2025-12-28 07:29:55,574 | INFO | ✅ Unit modal closed (TUTUP)
2025-12-28 07:29:55,574 | INFO | ✅ Unit details scraped
2025-12-28 07:29:57,091 | INFO | ✅ Returned to listing
2025-12-28 07:29:57,127 | INFO | ✅ [24] Open: 7305-16 TAMAN BERTAM SETIA
2025-12-28 07:30:01,931 | INFO | ✅ Opened project detail
2025-12-28 07:30:05,746 | INFO | ✅ Tab opened: maklumat projek
2025-12-28 07:30:05,756 | INFO | ✅ Daerah Projek = 'Melaka Tengah'
2025-12-28 07:30:05,783 | INFO | ✅ Maklumat Projek scraped
2025-12-28 07:30:09,595 | INFO | ✅ Tab opened: status terkini projek
2025-12-28 07:30:09,606 | INFO | ✅ Maklumat Pembangunan = Berfasa
2025-12-28 07:30:09,606 | INFO | ✅ Status Keseluruhan = Siap Dengan CCC
2025-12-28 07:30:09,788 | INFO | ✅ Status table rows = 2
2025-12-28 07:30:13,599 | INFO | ✅ Tab opened: maklumat projek
2025-12-28 07:30:18,417 | INFO | ✅ Unit modal opened
2025-12-28 07:30:22,333 | INFO | ✅ Clicked Paparan Senarai
2025-12-28 07:30:30,852 | INFO | ✅ Unit rows scraped = 249
2025-12-28 07:30:33,163 | INFO | ✅ Unit modal closed (TUTUP)
2025-12-28 07:30:33,163 | INFO | ✅ Unit details scraped
2025-12-28 07:30:34,681 | INFO | ✅ Returned to listing
2025-12-28 07:30:34,717 | INFO | ✅ [25] Open: 7305-15 TAMAN DESA IDAMAN
2025-12-28 07:30:39,521 | INFO | ✅ Opened project detail
2025-12-28 07:30:43,339 | INFO | ✅ Tab opened: maklumat projek
2025-12-28 07:30:43,350 | INFO | ✅ Daerah Projek = 'Alor Gajah'
2025-12-28 07:30:43,377 | INFO | ✅ Maklumat Projek scraped
2025-12-28 07:30:47,189 | INFO | ✅ Tab opened: status terkini projek
2025-12-28 07:30:47,201 | INFO | ✅ Maklumat Pembangunan = Berfasa
2025-12-28 07:30:47,201 | INFO | ✅ Status Keseluruhan = Siap Dengan CCC
2025-12-28 07:30:47,287 | INFO | ✅ Status table rows = 1
2025-12-28 07:30:51,098 | INFO | ✅ Tab opened: maklumat projek
2025-12-28 07:30:55,933 | INFO | ✅ Unit modal opened
2025-12-28 07:30:59,825 | INFO | ✅ Clicked Paparan Senarai
2025-12-28 07:31:08,429 | INFO | ✅ Unit rows scraped = 249
2025-12-28 07:31:10,748 | INFO | ✅ Unit modal closed (TUTUP)
2025-12-28 07:31:10,748 | INFO | ✅ Unit details scraped
2025-12-28 07:31:12,270 | INFO | ✅ Returned to listing
2025-12-28 07:31:12,306 | INFO | ✅ [26] Open: 7305-14 TAMAN SERI RAMBAI 1
2025-12-28 07:31:17,118 | INFO | ✅ Opened project detail
2025-12-28 07:31:20,941 | INFO | ✅ Tab opened: maklumat projek
2025-12-28 07:31:20,956 | INFO | ✅ Daerah Projek = 'Melaka Tengah'
2025-12-28 07:31:20,994 | INFO | ✅ Maklumat Projek scraped
2025-12-28 07:31:24,811 | INFO | ✅ Tab opened: status terkini projek
2025-12-28 07:31:24,825 | INFO | ✅ Maklumat Pembangunan = Berfasa
2025-12-28 07:31:24,826 | INFO | ✅ Status Keseluruhan = Siap Dengan CCC
2025-12-28 07:31:24,918 | INFO | ✅ Status table rows = 1
2025-12-28 07:31:28,730 | INFO | ✅ Tab opened: maklumat projek
2025-12-28 07:31:33,570 | INFO | ✅ Unit modal opened
2025-12-28 07:31:37,467 | INFO | ✅ Clicked Paparan Senarai
2025-12-28 07:31:45,984 | INFO | ✅ Unit rows scraped = 249
2025-12-28 07:31:48,306 | INFO | ✅ Unit modal closed (TUTUP)
2025-12-28 07:31:48,306 | INFO | ✅ Unit details scraped
2025-12-28 07:31:49,826 | INFO | ✅ Returned to listing
2025-12-28 07:31:49,864 | INFO | ✅ [27] Open: 7305-13 TAMAN BERTAM SETIA
2025-12-28 07:31:54,685 | INFO | ✅ Opened project detail
2025-12-28 07:31:58,508 | INFO | ✅ Tab opened: maklumat projek
2025-12-28 07:31:58,523 | INFO | ✅ Daerah Projek = 'Melaka Tengah'
2025-12-28 07:31:58,559 | INFO | ✅ Maklumat Projek scraped
2025-12-28 07:32:02,377 | INFO | ✅ Tab opened: status terkini projek
2025-12-28 07:32:02,392 | INFO | ✅ Maklumat Pembangunan = Berfasa
2025-12-28 07:32:02,392 | INFO | ✅ Status Keseluruhan = Siap Dengan CCC
2025-12-28 07:32:02,981 | INFO | ✅ Status table rows = 8
2025-12-28 07:32:06,793 | INFO | ✅ Tab opened: maklumat projek
2025-12-28 07:32:11,637 | INFO | ✅ Unit modal opened
2025-12-28 07:32:15,499 | INFO | ✅ Clicked Paparan Senarai
2025-12-28 07:32:18,190 | INFO | ✅ Unit rows scraped = 79
2025-12-28 07:32:20,533 | INFO | ✅ Unit modal closed (TUTUP)
2025-12-28 07:32:20,533 | INFO | ✅ Unit details scraped
2025-12-28 07:32:22,055 | INFO | ✅ Returned to listing
2025-12-28 07:32:22,096 | INFO | ✅ [28] Open: 7305-12 TAMAN DESA IDAMAN
2025-12-28 07:32:26,902 | INFO | ✅ Opened project detail
2025-12-28 07:32:30,720 | INFO | ✅ Tab opened: maklumat projek
2025-12-28 07:32:30,733 | INFO | ✅ Daerah Projek = 'Alor Gajah'
2025-12-28 07:32:30,760 | INFO | ✅ Maklumat Projek scraped
2025-12-28 07:32:34,577 | INFO | ✅ Tab opened: status terkini projek
2025-12-28 07:32:34,588 | INFO | ✅ Maklumat Pembangunan = Berfasa
2025-12-28 07:32:34,588 | INFO | ✅ Status Keseluruhan = Siap Dengan CCC
2025-12-28 07:32:34,960 | INFO | ✅ Status table rows = 5
2025-12-28 07:32:38,777 | INFO | ✅ Tab opened: maklumat projek
2025-12-28 07:32:43,602 | INFO | ✅ Unit modal opened
2025-12-28 07:32:47,432 | INFO | ✅ Clicked Paparan Senarai
2025-12-28 07:32:48,856 | INFO | ✅ Unit rows scraped = 42
2025-12-28 07:32:51,215 | INFO | ✅ Unit modal closed (TUTUP)
2025-12-28 07:32:51,215 | INFO | ✅ Unit details scraped
2025-12-28 07:32:52,733 | INFO | ✅ Returned to listing
2025-12-28 07:32:52,768 | INFO | ✅ [29] Open: 7305-11 TAMAN BERTAM SETIA
2025-12-28 07:32:57,570 | INFO | ✅ Opened project detail
2025-12-28 07:33:01,384 | INFO | ✅ Tab opened: maklumat projek
2025-12-28 07:33:01,394 | INFO | ✅ Daerah Projek = 'Melaka Tengah'
2025-12-28 07:33:01,420 | INFO | ✅ Maklumat Projek scraped
2025-12-28 07:33:05,232 | INFO | ✅ Tab opened: status terkini projek
2025-12-28 07:33:05,245 | INFO | ✅ Maklumat Pembangunan = Berfasa
2025-12-28 07:33:05,245 | INFO | ✅ Status Keseluruhan = Siap Dengan CFO
2025-12-28 07:33:05,742 | INFO | ✅ Status table rows = 7
2025-12-28 07:33:09,555 | INFO | ✅ Tab opened: maklumat projek
2025-12-28 07:33:14,375 | INFO | ✅ Unit modal opened
2025-12-28 07:33:18,208 | INFO | ✅ Clicked Paparan Senarai
2025-12-28 07:33:19,387 | INFO | ✅ Unit rows scraped = 34
2025-12-28 07:33:21,694 | INFO | ✅ Unit modal closed (TUTUP)
2025-12-28 07:33:21,694 | INFO | ✅ Unit details scraped
2025-12-28 07:33:23,211 | INFO | ✅ Returned to listing
2025-12-28 07:33:23,245 | INFO | ✅ [30] Open: 7305-10 TAMAN CHENG SETIA
2025-12-28 07:33:28,048 | INFO | ✅ Opened project detail
2025-12-28 07:33:31,863 | INFO | ✅ Tab opened: maklumat projek
2025-12-28 07:33:31,875 | INFO | ✅ Daerah Projek = 'Melaka Tengah'
2025-12-28 07:33:31,902 | INFO | ✅ Maklumat Projek scraped
2025-12-28 07:33:35,714 | INFO | ✅ Tab opened: status terkini projek
2025-12-28 07:33:35,726 | INFO | ✅ Maklumat Pembangunan = Berfasa
2025-12-28 07:33:35,726 | INFO | ✅ Status Keseluruhan = Siap Dengan CFO
2025-12-28 07:33:35,965 | INFO | ✅ Status table rows = 3
2025-12-28 07:33:39,779 | INFO | ✅ Tab opened: maklumat projek
2025-12-28 07:33:44,601 | INFO | ✅ Unit modal opened
2025-12-28 07:33:48,427 | INFO | ✅ Clicked Paparan Senarai
2025-12-28 07:33:49,625 | INFO | ✅ Unit rows scraped = 34
2025-12-28 07:33:51,931 | INFO | ✅ Unit modal closed (TUTUP)
2025-12-28 07:33:51,932 | INFO | ✅ Unit details scraped
2025-12-28 07:33:53,450 | INFO | ✅ Returned to listing
2025-12-28 07:33:53,487 | INFO | ✅ [31] Open: 7305-9 TAMAN CHENG SETIA
2025-12-28 07:33:58,288 | INFO | ✅ Opened project detail
2025-12-28 07:34:02,104 | INFO | ✅ Tab opened: maklumat projek
2025-12-28 07:34:02,115 | INFO | ✅ Daerah Projek = 'Melaka Tengah'
2025-12-28 07:34:02,141 | INFO | ✅ Maklumat Projek scraped
2025-12-28 07:34:05,953 | INFO | ✅ Tab opened: status terkini projek
2025-12-28 07:34:05,965 | INFO | ✅ Maklumat Pembangunan = Berfasa
2025-12-28 07:34:05,966 | INFO | ✅ Status Keseluruhan = Siap Dengan CFO
2025-12-28 07:34:06,768 | INFO | ✅ Status table rows = 11
2025-12-28 07:34:10,581 | INFO | ✅ Tab opened: maklumat projek
2025-12-28 07:34:15,400 | INFO | ✅ Unit modal opened
2025-12-28 07:34:19,238 | INFO | ✅ Clicked Paparan Senarai
2025-12-28 07:34:20,410 | INFO | ✅ Unit rows scraped = 34
2025-12-28 07:34:22,719 | INFO | ✅ Unit modal closed (TUTUP)
2025-12-28 07:34:22,719 | INFO | ✅ Unit details scraped
2025-12-28 07:34:24,236 | INFO | ✅ Returned to listing
2025-12-28 07:34:24,271 | INFO | ✅ [32] Open: 7305-8 TAMAN SERI BAYAN
2025-12-28 07:34:29,072 | INFO | ✅ Opened project detail
2025-12-28 07:34:32,885 | INFO | ✅ Tab opened: maklumat projek
2025-12-28 07:34:32,895 | INFO | ✅ Daerah Projek = 'Alor Gajah'
2025-12-28 07:34:32,923 | INFO | ✅ Maklumat Projek scraped
2025-12-28 07:34:36,734 | INFO | ✅ Tab opened: status terkini projek
2025-12-28 07:34:36,746 | INFO | ✅ Maklumat Pembangunan = Berfasa
2025-12-28 07:34:36,746 | INFO | ✅ Status Keseluruhan = Siap Dengan CFO
2025-12-28 07:34:36,856 | INFO | ✅ Status table rows = 1
2025-12-28 07:34:40,667 | INFO | ✅ Tab opened: maklumat projek
2025-12-28 07:34:45,483 | INFO | ✅ Unit modal opened
2025-12-28 07:34:49,311 | INFO | ✅ Clicked Paparan Senarai
2025-12-28 07:34:50,514 | INFO | ✅ Unit rows scraped = 34
2025-12-28 07:34:52,820 | INFO | ✅ Unit modal closed (TUTUP)
2025-12-28 07:34:52,820 | INFO | ✅ Unit details scraped
2025-12-28 07:34:54,338 | INFO | ✅ Returned to listing
2025-12-28 07:34:54,375 | INFO | ✅ [33] Open: 7305-6 TAMAN BUKIT CHENG
2025-12-28 07:34:59,179 | INFO | ✅ Opened project detail
2025-12-28 07:35:02,994 | INFO | ✅ Tab opened: maklumat projek
2025-12-28 07:35:03,006 | INFO | ✅ Daerah Projek = 'Melaka Tengah'
2025-12-28 07:35:03,032 | INFO | ✅ Maklumat Projek scraped
2025-12-28 07:35:06,845 | INFO | ✅ Tab opened: status terkini projek
2025-12-28 07:35:06,857 | INFO | ✅ Maklumat Pembangunan = Berfasa
2025-12-28 07:35:06,857 | INFO | ✅ Status Keseluruhan = Siap Dengan CFO
2025-12-28 07:35:07,031 | INFO | ✅ Status table rows = 2
2025-12-28 07:35:10,844 | INFO | ✅ Tab opened: maklumat projek
2025-12-28 07:35:15,666 | INFO | ✅ Unit modal opened
2025-12-28 07:35:19,498 | INFO | ✅ Clicked Paparan Senarai
2025-12-28 07:35:20,676 | INFO | ✅ Unit rows scraped = 34
2025-12-28 07:35:22,984 | INFO | ✅ Unit modal closed (TUTUP)
2025-12-28 07:35:22,984 | INFO | ✅ Unit details scraped
2025-12-28 07:35:24,501 | INFO | ✅ Returned to listing
2025-12-28 07:35:24,518 | INFO | ✅ No next page. Pagination done.
2025-12-28 07:35:24,518 | INFO | ✅ Saved CSV: ./data/pemaju/TELADAN/TELADAN_MELAKA_ALL_PROJECTS_20251228.csv
2025-12-28 07:35:24,520 | INFO | ✅ Saved CSV: ./data/pemaju/TELADAN/TELADAN_MELAKA_HOUSE_TYPE_20251228.csv
2025-12-28 07:35:24,565 | INFO | ✅ Saved CSV: ./data/pemaju/TELADAN/TELADAN_MELAKA_UNIT_DETAILS_20251228.csv
2025-12-28 07:35:24,565 | INFO | ✅ SUMMARY: Projects=33, HouseTypes=93, UnitRows=6638
2025-12-28 07:35:24,565 | INFO | ✅ DONE pemaju scrape
2025-12-28 07:35:24,669 | INFO | ✅ Chrome driver closed
