2025-12-25 12:15:41,115 | INFO | ✅ Log file: ./logs/KPKT_SCRAPE_ANJURAN LAGENDA_20251225_121411.log
2025-12-25 12:15:41,115 | INFO | ✅ Start Pemaju: ANJURAN LAGENDA
2025-12-25 12:15:41,115 | INFO | ✅ Output folder: ./data/pemaju/ANJURAN LAGENDA
2025-12-25 12:15:41,115 | INFO | ====== WebDriver manager ======
2025-12-25 12:15:41,183 | INFO | Get LATEST chromedriver version for google-chrome
2025-12-25 12:15:41,215 | INFO | Get LATEST chromedriver version for google-chrome
2025-12-25 12:15:41,265 | INFO | Driver [/home/runner/.wdm/drivers/chromedriver/linux64/143.0.7499.169/chromedriver-linux64/chromedriver] found in cache
2025-12-25 12:15:41,465 | INFO | ✅ Chrome started (headless=True)
2025-12-25 12:15:47,323 | INFO | ✅ Opened https://teduh.kpkt.gov.my/semakan-status-kemajuan
2025-12-25 12:15:51,955 | INFO | ✅ Jenis Carian = Pemaju
2025-12-25 12:15:56,572 | INFO | ✅ Negeri = Melaka
2025-12-25 12:15:58,176 | INFO | ✅ Kata Kunci = ANJURAN LAGENDA
2025-12-25 12:16:00,493 | INFO | ✅ Clicked CARI
2025-12-25 12:16:00,509 | INFO | ✅ Results table loaded
2025-12-25 12:16:00,509 | INFO | ✅ Processing listing page 1
2025-12-25 12:16:00,569 | INFO | ✅ [1] Open: 31199-1 TAMAN BANDAR BAHARU KIJAL
2025-12-25 12:16:05,379 | INFO | ✅ Opened project detail
2025-12-25 12:16:09,216 | INFO | ✅ Tab opened: maklumat projek
2025-12-25 12:16:09,232 | INFO | ✅ Daerah Projek = 'Melaka Tengah'
2025-12-25 12:16:09,266 | INFO | ✅ Maklumat Projek scraped
2025-12-25 12:16:13,091 | INFO | ✅ Tab opened: status terkini projek
2025-12-25 12:16:13,105 | INFO | ✅ Maklumat Pembangunan = Berfasa
2025-12-25 12:16:13,105 | INFO | ✅ Status Keseluruhan = Lancar
2025-12-25 12:16:13,195 | INFO | ✅ Status table rows = 1
2025-12-25 12:16:17,011 | INFO | ✅ Tab opened: maklumat projek
2025-12-25 12:16:21,843 | INFO | ✅ Unit modal opened
2025-12-25 12:16:25,731 | INFO | ✅ Clicked Paparan Senarai
2025-12-25 12:16:32,314 | INFO | ✅ Unit rows scraped = 196
2025-12-25 12:16:34,686 | INFO | ✅ Unit modal closed (TUTUP)
2025-12-25 12:16:34,686 | INFO | ✅ Unit details scraped
2025-12-25 12:16:36,206 | INFO | ✅ Returned to listing
2025-12-25 12:16:36,240 | INFO | ✅ [2] Open: 30348-4 TAMAN PENGKALAN IMPIAN
2025-12-25 12:16:41,052 | INFO | ✅ Opened project detail
2025-12-25 12:16:44,878 | INFO | ✅ Tab opened: maklumat projek
2025-12-25 12:16:44,894 | INFO | ✅ Daerah Projek = 'Melaka Tengah'
2025-12-25 12:16:44,929 | INFO | ✅ Maklumat Projek scraped
2025-12-25 12:16:48,747 | INFO | ✅ Tab opened: status terkini projek
2025-12-25 12:16:48,761 | INFO | ✅ Maklumat Pembangunan = Berfasa
2025-12-25 12:16:48,761 | INFO | ✅ Status Keseluruhan = Lancar
2025-12-25 12:16:48,990 | INFO | ✅ Status table rows = 3
2025-12-25 12:16:52,816 | INFO | ✅ Tab opened: maklumat projek
2025-12-25 12:16:57,660 | INFO | ✅ Unit modal opened
2025-12-25 12:17:01,530 | INFO | ✅ Clicked Paparan Senarai
2025-12-25 12:17:06,444 | INFO | ✅ Unit rows scraped = 146
2025-12-25 12:17:08,758 | INFO | ✅ Unit modal closed (TUTUP)
2025-12-25 12:17:08,758 | INFO | ✅ Unit details scraped
2025-12-25 12:17:10,280 | INFO | ✅ Returned to listing
2025-12-25 12:17:10,316 | INFO | ✅ [3] Open: 30348-3 TAMAN PENGKALAN IMPIAN
2025-12-25 12:17:15,124 | INFO | ✅ Opened project detail
2025-12-25 12:17:18,939 | INFO | ✅ Tab opened: maklumat projek
2025-12-25 12:17:18,951 | INFO | ✅ Daerah Projek = 'Melaka Tengah'
2025-12-25 12:17:18,976 | INFO | ✅ Maklumat Projek scraped
2025-12-25 12:17:22,791 | INFO | ✅ Tab opened: status terkini projek
2025-12-25 12:17:22,802 | INFO | ✅ Maklumat Pembangunan = Berfasa
2025-12-25 12:17:22,802 | INFO | ✅ Status Keseluruhan = Lancar
2025-12-25 12:17:23,016 | INFO | ✅ Status table rows = 3
2025-12-25 12:17:26,828 | INFO | ✅ Tab opened: maklumat projek
2025-12-25 12:17:31,656 | INFO | ✅ Unit modal opened
2025-12-25 12:17:35,519 | INFO | ✅ Clicked Paparan Senarai
2025-12-25 12:17:42,290 | INFO | ✅ Unit rows scraped = 201
2025-12-25 12:17:44,600 | INFO | ✅ Unit modal closed (TUTUP)
2025-12-25 12:17:44,600 | INFO | ✅ Unit details scraped
2025-12-25 12:17:46,118 | INFO | ✅ Returned to listing
2025-12-25 12:17:46,153 | INFO | ✅ [4] Open: 30348-2 TAMAN PENGKALAN IMPIAN
2025-12-25 12:17:50,956 | INFO | ✅ Opened project detail
2025-12-25 12:17:54,780 | INFO | ✅ Tab opened: maklumat projek
2025-12-25 12:17:54,796 | INFO | ✅ Daerah Projek = 'Melaka Tengah'
2025-12-25 12:17:54,831 | INFO | ✅ Maklumat Projek scraped
2025-12-25 12:17:58,651 | INFO | ✅ Tab opened: status terkini projek
2025-12-25 12:17:58,665 | INFO | ✅ Maklumat Pembangunan = Berfasa
2025-12-25 12:17:58,665 | INFO | ✅ Status Keseluruhan = Siap Dengan CCC
2025-12-25 12:17:58,820 | INFO | ✅ Status table rows = 2
2025-12-25 12:18:02,640 | INFO | ✅ Tab opened: maklumat projek
2025-12-25 12:18:07,482 | INFO | ✅ Unit modal opened
2025-12-25 12:18:11,353 | INFO | ✅ Clicked Paparan Senarai
2025-12-25 12:18:20,205 | INFO | ✅ Unit rows scraped = 260
2025-12-25 12:18:22,576 | INFO | ✅ Unit modal closed (TUTUP)
2025-12-25 12:18:22,576 | INFO | ✅ Unit details scraped
2025-12-25 12:18:24,098 | INFO | ✅ Returned to listing
2025-12-25 12:18:24,136 | INFO | ✅ [5] Open: 30348-1 TAMAN PENGKALAN IMPIAN
2025-12-25 12:18:28,949 | INFO | ✅ Opened project detail
2025-12-25 12:18:32,767 | INFO | ✅ Tab opened: maklumat projek
2025-12-25 12:18:32,780 | INFO | ✅ Daerah Projek = 'Melaka Tengah'
2025-12-25 12:18:32,805 | INFO | ✅ Maklumat Projek scraped
2025-12-25 12:18:36,618 | INFO | ✅ Tab opened: status terkini projek
2025-12-25 12:18:36,629 | INFO | ✅ Maklumat Pembangunan = Berfasa
2025-12-25 12:18:36,629 | INFO | ✅ Status Keseluruhan = Siap Dengan CCC
2025-12-25 12:18:36,785 | INFO | ✅ Status table rows = 2
2025-12-25 12:18:40,604 | INFO | ✅ Tab opened: maklumat projek
2025-12-25 12:18:45,444 | INFO | ✅ Unit modal opened
2025-12-25 12:18:49,302 | INFO | ✅ Clicked Paparan Senarai
2025-12-25 12:18:55,006 | INFO | ✅ Unit rows scraped = 170
2025-12-25 12:18:57,368 | INFO | ✅ Unit modal closed (TUTUP)
2025-12-25 12:18:57,368 | INFO | ✅ Unit details scraped
2025-12-25 12:18:58,885 | INFO | ✅ Returned to listing
2025-12-25 12:18:59,132 | INFO | ✅ No next page. Pagination done.
2025-12-25 12:18:59,133 | INFO | ✅ Saved CSV: ./data/pemaju/ANJURAN LAGENDA/ANJURAN LAGENDA_MELAKA_ALL_PROJECTS_20251225.csv
2025-12-25 12:18:59,133 | INFO | ✅ Saved CSV: ./data/pemaju/ANJURAN LAGENDA/ANJURAN LAGENDA_MELAKA_HOUSE_TYPE_20251225.csv
2025-12-25 12:18:59,141 | INFO | ✅ Saved CSV: ./data/pemaju/ANJURAN LAGENDA/ANJURAN LAGENDA_MELAKA_UNIT_DETAILS_20251225.csv
2025-12-25 12:18:59,141 | INFO | ✅ SUMMARY: Projects=5, HouseTypes=11, UnitRows=973
2025-12-25 12:18:59,141 | INFO | ✅ DONE pemaju scrape
2025-12-25 12:18:59,213 | INFO | ✅ Chrome driver closed
