2025-12-28 05:49:56,914 | INFO | ✅ Log file: ./logs/KPKT_SCRAPE_PARKLAND_20251228_050330.log
2025-12-28 05:49:56,914 | INFO | ✅ Start Pemaju: PARKLAND
2025-12-28 05:49:56,914 | INFO | ✅ Output folder: ./data/pemaju/PARKLAND
2025-12-28 05:49:56,914 | INFO | ====== WebDriver manager ======
2025-12-28 05:49:56,982 | INFO | Get LATEST chromedriver version for google-chrome
2025-12-28 05:49:57,028 | INFO | Get LATEST chromedriver version for google-chrome
2025-12-28 05:49:57,077 | INFO | Driver [/home/runner/.wdm/drivers/chromedriver/linux64/143.0.7499.169/chromedriver-linux64/chromedriver] found in cache
2025-12-28 05:49:57,296 | INFO | ✅ Chrome started (headless=True)
2025-12-28 05:50:03,187 | INFO | ✅ Opened https://teduh.kpkt.gov.my/semakan-status-kemajuan
2025-12-28 05:50:07,819 | INFO | ✅ Jenis Carian = Pemaju
2025-12-28 05:50:12,435 | INFO | ✅ Negeri = Melaka
2025-12-28 05:50:14,032 | INFO | ✅ Kata Kunci = PARKLAND
2025-12-28 05:50:16,352 | INFO | ✅ Clicked CARI
2025-12-28 05:50:16,367 | INFO | ✅ Results table loaded
2025-12-28 05:50:16,367 | INFO | ✅ Processing listing page 1
2025-12-28 05:50:16,429 | INFO | ✅ [1] Open: 31199-1 TAMAN BANDAR BAHARU KIJAL
2025-12-28 05:50:21,237 | INFO | ✅ Opened project detail
2025-12-28 05:50:25,065 | INFO | ✅ Tab opened: maklumat projek
2025-12-28 05:50:25,080 | INFO | ✅ Daerah Projek = '-'
2025-12-28 05:50:25,116 | INFO | ✅ Maklumat Projek scraped
2025-12-28 05:50:28,931 | INFO | ✅ Tab opened: status terkini projek
2025-12-28 05:50:28,946 | INFO | ✅ Maklumat Pembangunan = Berfasa
2025-12-28 05:50:28,946 | INFO | ✅ Status Keseluruhan = Belum Mula
2025-12-28 05:50:29,107 | INFO | ✅ Status table rows = 2
2025-12-28 05:50:32,919 | INFO | ✅ Tab opened: maklumat projek
2025-12-28 05:50:37,748 | INFO | ✅ Unit modal opened
2025-12-28 05:50:41,588 | INFO | ✅ Clicked Paparan Senarai
2025-12-28 05:50:42,646 | INFO | ✅ Unit rows scraped = 30
2025-12-28 05:50:44,968 | INFO | ✅ Unit modal closed (TUTUP)
2025-12-28 05:50:44,969 | INFO | ✅ Unit details scraped
2025-12-28 05:50:46,488 | INFO | ✅ Returned to listing
2025-12-28 05:50:46,526 | INFO | ✅ [2] Open: 20165-11 BANDAR BOTANI PARKLAND PRESINT 3
2025-12-28 05:50:51,335 | INFO | ✅ Opened project detail
2025-12-28 05:50:55,161 | INFO | ✅ Tab opened: maklumat projek
2025-12-28 05:50:55,174 | INFO | ✅ Daerah Projek = 'Jasin'
2025-12-28 05:50:55,201 | INFO | ✅ Maklumat Projek scraped
2025-12-28 05:50:59,017 | INFO | ✅ Tab opened: status terkini projek
2025-12-28 05:50:59,030 | INFO | ✅ Maklumat Pembangunan = Berfasa
2025-12-28 05:50:59,030 | INFO | ✅ Status Keseluruhan = Lancar
2025-12-28 05:50:59,354 | INFO | ✅ Status table rows = 4
2025-12-28 05:51:03,174 | INFO | ✅ Tab opened: maklumat projek
2025-12-28 05:51:07,997 | INFO | ✅ Unit modal opened
2025-12-28 05:51:11,948 | INFO | ✅ Clicked Paparan Senarai
2025-12-28 05:51:29,300 | INFO | ✅ Unit rows scraped = 502
2025-12-28 05:51:31,625 | INFO | ✅ Unit modal closed (TUTUP)
2025-12-28 05:51:31,625 | INFO | ✅ Unit details scraped
2025-12-28 05:51:33,147 | INFO | ✅ Returned to listing
2025-12-28 05:51:33,186 | INFO | ✅ [3] Open: 20165-10 BANDAR BOTANI PARKLAND PRESINT 2
2025-12-28 05:51:38,000 | INFO | ✅ Opened project detail
2025-12-28 05:51:41,831 | INFO | ✅ Tab opened: maklumat projek
2025-12-28 05:51:41,849 | INFO | ✅ Daerah Projek = 'Jasin'
2025-12-28 05:51:41,888 | INFO | ✅ Maklumat Projek scraped
2025-12-28 05:51:45,710 | INFO | ✅ Tab opened: status terkini projek
2025-12-28 05:51:45,726 | INFO | ✅ Maklumat Pembangunan = Berfasa
2025-12-28 05:51:45,726 | INFO | ✅ Status Keseluruhan = Lancar
2025-12-28 05:51:46,129 | INFO | ✅ Status table rows = 5
2025-12-28 05:51:49,949 | INFO | ✅ Tab opened: maklumat projek
2025-12-28 05:51:54,813 | INFO | ✅ Unit modal opened
2025-12-28 05:51:58,711 | INFO | ✅ Clicked Paparan Senarai
2025-12-28 05:52:07,324 | INFO | ✅ Unit rows scraped = 247
2025-12-28 05:52:09,658 | INFO | ✅ Unit modal closed (TUTUP)
2025-12-28 05:52:09,658 | INFO | ✅ Unit details scraped
2025-12-28 05:52:11,180 | INFO | ✅ Returned to listing
2025-12-28 05:52:11,219 | INFO | ✅ [4] Open: 20165-9 RESIDENSI KOTA SYAHBANDAR
2025-12-28 05:52:16,031 | INFO | ✅ Opened project detail
2025-12-28 05:52:19,863 | INFO | ✅ Tab opened: maklumat projek
2025-12-28 05:52:19,880 | INFO | ✅ Daerah Projek = 'Melaka Tengah'
2025-12-28 05:52:19,918 | INFO | ✅ Maklumat Projek scraped
2025-12-28 05:52:23,740 | INFO | ✅ Tab opened: status terkini projek
2025-12-28 05:52:23,755 | INFO | ✅ Maklumat Pembangunan = Berfasa
2025-12-28 05:52:23,755 | INFO | ✅ Status Keseluruhan = Lancar
2025-12-28 05:52:23,853 | INFO | ✅ Status table rows = 1
2025-12-28 05:52:27,674 | INFO | ✅ Tab opened: maklumat projek
2025-12-28 05:52:32,527 | INFO | ✅ Unit modal opened
2025-12-28 05:52:36,481 | INFO | ✅ Clicked Paparan Senarai
2025-12-28 05:52:53,373 | INFO | ✅ Unit rows scraped = 474
2025-12-28 05:52:55,697 | INFO | ✅ Unit modal closed (TUTUP)
2025-12-28 05:52:55,698 | INFO | ✅ Unit details scraped
2025-12-28 05:52:57,220 | INFO | ✅ Returned to listing
2025-12-28 05:52:57,259 | INFO | ✅ [5] Open: 20165-8 RESIDENSI KOTA SYAHBANDAR
2025-12-28 05:53:02,073 | INFO | ✅ Opened project detail
2025-12-28 05:53:05,904 | INFO | ✅ Tab opened: maklumat projek
2025-12-28 05:53:05,920 | INFO | ✅ Daerah Projek = 'Melaka Tengah'
2025-12-28 05:53:05,956 | INFO | ✅ Maklumat Projek scraped
2025-12-28 05:53:09,776 | INFO | ✅ Tab opened: status terkini projek
2025-12-28 05:53:09,792 | INFO | ✅ Maklumat Pembangunan = Berfasa
2025-12-28 05:53:09,792 | INFO | ✅ Status Keseluruhan = Lancar
2025-12-28 05:53:09,886 | INFO | ✅ Status table rows = 1
2025-12-28 05:53:13,705 | INFO | ✅ Tab opened: maklumat projek
2025-12-28 05:53:18,571 | INFO | ✅ Unit modal opened
2025-12-28 05:53:22,568 | INFO | ✅ Clicked Paparan Senarai
2025-12-28 05:53:48,720 | INFO | ✅ Unit rows scraped = 730
2025-12-28 05:53:51,066 | INFO | ✅ Unit modal closed (TUTUP)
2025-12-28 05:53:51,066 | INFO | ✅ Unit details scraped
2025-12-28 05:53:52,588 | INFO | ✅ Returned to listing
2025-12-28 05:53:52,630 | INFO | ✅ [6] Open: 20165-7 BANDAR BOTANI PARKLAND PRESINT 2
2025-12-28 05:53:57,448 | INFO | ✅ Opened project detail
2025-12-28 05:54:01,276 | INFO | ✅ Tab opened: maklumat projek
2025-12-28 05:54:01,292 | INFO | ✅ Daerah Projek = 'Jasin'
2025-12-28 05:54:01,327 | INFO | ✅ Maklumat Projek scraped
2025-12-28 05:54:05,147 | INFO | ✅ Tab opened: status terkini projek
2025-12-28 05:54:05,161 | INFO | ✅ Maklumat Pembangunan = Berfasa
2025-12-28 05:54:05,161 | INFO | ✅ Status Keseluruhan = Siap Dengan CCC
2025-12-28 05:54:05,540 | INFO | ✅ Status table rows = 5
2025-12-28 05:54:09,358 | INFO | ✅ Tab opened: maklumat projek
2025-12-28 05:54:14,231 | INFO | ✅ Unit modal opened
2025-12-28 05:54:18,086 | INFO | ✅ Clicked Paparan Senarai
2025-12-28 05:54:22,744 | INFO | ✅ Unit rows scraped = 136
2025-12-28 05:54:25,059 | INFO | ✅ Unit modal closed (TUTUP)
2025-12-28 05:54:25,059 | INFO | ✅ Unit details scraped
2025-12-28 05:54:26,581 | INFO | ✅ Returned to listing
2025-12-28 05:54:26,620 | INFO | ✅ [7] Open: 20165-6 BANDAR BOTANI PARKLAND PRESINT 3
2025-12-28 05:54:31,434 | INFO | ✅ Opened project detail
2025-12-28 05:54:35,254 | INFO | ✅ Tab opened: maklumat projek
2025-12-28 05:54:35,271 | INFO | ✅ Daerah Projek = 'Jasin'
2025-12-28 05:54:35,310 | INFO | ✅ Maklumat Projek scraped
2025-12-28 05:54:39,129 | INFO | ✅ Tab opened: status terkini projek
2025-12-28 05:54:39,143 | INFO | ✅ Maklumat Pembangunan = Berfasa
2025-12-28 05:54:39,143 | INFO | ✅ Status Keseluruhan = Siap Dengan CCC
2025-12-28 05:54:39,456 | INFO | ✅ Status table rows = 4
2025-12-28 05:54:43,272 | INFO | ✅ Tab opened: maklumat projek
2025-12-28 05:54:48,109 | INFO | ✅ Unit modal opened
2025-12-28 05:54:52,082 | INFO | ✅ Clicked Paparan Senarai
2025-12-28 05:55:07,464 | INFO | ✅ Unit rows scraped = 443
2025-12-28 05:55:09,798 | INFO | ✅ Unit modal closed (TUTUP)
2025-12-28 05:55:09,798 | INFO | ✅ Unit details scraped
2025-12-28 05:55:11,319 | INFO | ✅ Returned to listing
2025-12-28 05:55:11,354 | INFO | ✅ [8] Open: 20165-5 TAMAN CHIN CHIN EMAS
2025-12-28 05:55:16,165 | INFO | ✅ Opened project detail
2025-12-28 05:55:19,993 | INFO | ✅ Tab opened: maklumat projek
2025-12-28 05:55:20,009 | INFO | ✅ Daerah Projek = 'Jasin'
2025-12-28 05:55:20,044 | INFO | ✅ Maklumat Projek scraped
2025-12-28 05:55:23,860 | INFO | ✅ Tab opened: status terkini projek
2025-12-28 05:55:23,874 | INFO | ✅ Maklumat Pembangunan = Berfasa
2025-12-28 05:55:23,875 | INFO | ✅ Status Keseluruhan = Siap Dengan CCC
2025-12-28 05:55:24,253 | INFO | ✅ Status table rows = 5
2025-12-28 05:55:28,070 | INFO | ✅ Tab opened: maklumat projek
2025-12-28 05:55:32,932 | INFO | ✅ Unit modal opened
2025-12-28 05:55:36,829 | INFO | ✅ Clicked Paparan Senarai
2025-12-28 05:55:44,619 | INFO | ✅ Unit rows scraped = 230
2025-12-28 05:55:46,938 | INFO | ✅ Unit modal closed (TUTUP)
2025-12-28 05:55:46,938 | INFO | ✅ Unit details scraped
2025-12-28 05:55:48,461 | INFO | ✅ Returned to listing
2025-12-28 05:55:48,498 | INFO | ✅ [9] Open: 20165-4 BANDAR BOTANI PARKLAND PRESINT 4
2025-12-28 05:55:53,307 | INFO | ✅ Opened project detail
2025-12-28 05:55:57,136 | INFO | ✅ Tab opened: maklumat projek
2025-12-28 05:55:57,152 | INFO | ✅ Daerah Projek = 'Jasin'
2025-12-28 05:55:57,188 | INFO | ✅ Maklumat Projek scraped
2025-12-28 05:56:01,008 | INFO | ✅ Tab opened: status terkini projek
2025-12-28 05:56:01,022 | INFO | ✅ Maklumat Pembangunan = Berfasa
2025-12-28 05:56:01,022 | INFO | ✅ Status Keseluruhan = Siap Dengan CCC
2025-12-28 05:56:01,177 | INFO | ✅ Status table rows = 2
2025-12-28 05:56:04,994 | INFO | ✅ Tab opened: maklumat projek
2025-12-28 05:56:09,835 | INFO | ✅ Unit modal opened
2025-12-28 05:56:13,776 | INFO | ✅ Clicked Paparan Senarai
2025-12-28 05:56:26,763 | INFO | ✅ Unit rows scraped = 382
2025-12-28 05:56:29,089 | INFO | ✅ Unit modal closed (TUTUP)
2025-12-28 05:56:29,090 | INFO | ✅ Unit details scraped
2025-12-28 05:56:30,612 | INFO | ✅ Returned to listing
2025-12-28 05:56:30,649 | INFO | ✅ [10] Open: 20165-3 BANDAR BOTANI PARKLAND PRESINT 1
2025-12-28 05:56:35,458 | INFO | ✅ Opened project detail
2025-12-28 05:56:39,284 | INFO | ✅ Tab opened: maklumat projek
2025-12-28 05:56:39,299 | INFO | ✅ Daerah Projek = 'Jasin'
2025-12-28 05:56:39,334 | INFO | ✅ Maklumat Projek scraped
2025-12-28 05:56:43,153 | INFO | ✅ Tab opened: status terkini projek
2025-12-28 05:56:43,169 | INFO | ✅ Maklumat Pembangunan = Berfasa
2025-12-28 05:56:43,169 | INFO | ✅ Status Keseluruhan = Siap Dengan CCC
2025-12-28 05:56:43,957 | INFO | ✅ Status table rows = 11
2025-12-28 05:56:47,791 | INFO | ✅ Tab opened: maklumat projek
2025-12-28 05:56:52,644 | INFO | ✅ Unit modal opened
2025-12-28 05:56:56,596 | INFO | ✅ Clicked Paparan Senarai
2025-12-28 05:57:11,149 | INFO | ✅ Unit rows scraped = 426
2025-12-28 05:57:13,516 | INFO | ✅ Unit modal closed (TUTUP)
2025-12-28 05:57:13,516 | INFO | ✅ Unit details scraped
2025-12-28 05:57:15,037 | INFO | ✅ Returned to listing
2025-12-28 05:57:15,074 | INFO | ✅ [11] Open: 20165-2 BANDAR BOTANI PARKLAND PRESINT 4
2025-12-28 05:57:19,892 | INFO | ✅ Opened project detail
2025-12-28 05:57:23,718 | INFO | ✅ Tab opened: maklumat projek
2025-12-28 05:57:23,734 | INFO | ✅ Daerah Projek = 'Jasin'
2025-12-28 05:57:23,770 | INFO | ✅ Maklumat Projek scraped
2025-12-28 05:57:27,588 | INFO | ✅ Tab opened: status terkini projek
2025-12-28 05:57:27,602 | INFO | ✅ Maklumat Pembangunan = Berfasa
2025-12-28 05:57:27,603 | INFO | ✅ Status Keseluruhan = Siap Dengan CCC
2025-12-28 05:57:27,828 | INFO | ✅ Status table rows = 3
2025-12-28 05:57:31,645 | INFO | ✅ Tab opened: maklumat projek
2025-12-28 05:57:36,503 | INFO | ✅ Unit modal opened
2025-12-28 05:57:40,454 | INFO | ✅ Clicked Paparan Senarai
2025-12-28 05:57:53,915 | INFO | ✅ Unit rows scraped = 394
2025-12-28 05:57:56,232 | INFO | ✅ Unit modal closed (TUTUP)
2025-12-28 05:57:56,232 | INFO | ✅ Unit details scraped
2025-12-28 05:57:57,754 | INFO | ✅ Returned to listing
2025-12-28 05:57:57,789 | INFO | ✅ [12] Open: 20165-1 BANDAR BOTANI PARKLAND PRESINT 1
2025-12-28 05:58:02,598 | INFO | ✅ Opened project detail
2025-12-28 05:58:06,425 | INFO | ✅ Tab opened: maklumat projek
2025-12-28 05:58:06,442 | INFO | ✅ Daerah Projek = 'Jasin'
2025-12-28 05:58:06,476 | INFO | ✅ Maklumat Projek scraped
2025-12-28 05:58:10,294 | INFO | ✅ Tab opened: status terkini projek
2025-12-28 05:58:10,309 | INFO | ✅ Maklumat Pembangunan = Berfasa
2025-12-28 05:58:10,309 | INFO | ✅ Status Keseluruhan = Siap Dengan CCC
2025-12-28 05:58:10,679 | INFO | ✅ Status table rows = 5
2025-12-28 05:58:14,497 | INFO | ✅ Tab opened: maklumat projek
2025-12-28 05:58:19,359 | INFO | ✅ Unit modal opened
2025-12-28 05:58:23,294 | INFO | ✅ Clicked Paparan Senarai
2025-12-28 05:58:33,540 | INFO | ✅ Unit rows scraped = 302
2025-12-28 05:58:35,896 | INFO | ✅ Unit modal closed (TUTUP)
2025-12-28 05:58:35,896 | INFO | ✅ Unit details scraped
2025-12-28 05:58:37,416 | INFO | ✅ Returned to listing
2025-12-28 05:58:37,453 | INFO | ✅ [13] Open: 14355-1 PARKLAND RESIDENCE @ SUNGAI MELAKA
2025-12-28 05:58:42,265 | INFO | ✅ Opened project detail
2025-12-28 05:58:46,092 | INFO | ✅ Tab opened: maklumat projek
2025-12-28 05:58:46,109 | INFO | ✅ Daerah Projek = 'Melaka Tengah'
2025-12-28 05:58:46,146 | INFO | ✅ Maklumat Projek scraped
2025-12-28 05:58:49,966 | INFO | ✅ Tab opened: status terkini projek
2025-12-28 05:58:49,981 | INFO | ✅ Maklumat Pembangunan = Berfasa
2025-12-28 05:58:49,981 | INFO | ✅ Status Keseluruhan = Siap Dengan CCC
2025-12-28 05:58:50,224 | INFO | ✅ Status table rows = 3
2025-12-28 05:58:54,039 | INFO | ✅ Tab opened: maklumat projek
2025-12-28 05:58:58,883 | INFO | ✅ Unit modal opened
2025-12-28 05:59:02,852 | INFO | ✅ Clicked Paparan Senarai
2025-12-28 05:59:20,228 | INFO | ✅ Unit rows scraped = 503
2025-12-28 05:59:22,611 | INFO | ✅ Unit modal closed (TUTUP)
2025-12-28 05:59:22,611 | INFO | ✅ Unit details scraped
2025-12-28 05:59:24,131 | INFO | ✅ Returned to listing
2025-12-28 05:59:24,167 | INFO | ✅ [14] Open: 13759-18 TAMAN SUNGAI RAMBAI JAYA
2025-12-28 05:59:28,976 | INFO | ✅ Opened project detail
2025-12-28 05:59:32,806 | INFO | ✅ Tab opened: maklumat projek
2025-12-28 05:59:32,823 | INFO | ✅ Daerah Projek = 'Jasin'
2025-12-28 05:59:32,857 | INFO | ✅ Maklumat Projek scraped
2025-12-28 05:59:36,674 | INFO | ✅ Tab opened: status terkini projek
2025-12-28 05:59:36,689 | INFO | ✅ Maklumat Pembangunan = Berfasa
2025-12-28 05:59:36,689 | INFO | ✅ Status Keseluruhan = Siap Dengan CCC
2025-12-28 05:59:36,845 | INFO | ✅ Status table rows = 2
2025-12-28 05:59:40,660 | INFO | ✅ Tab opened: maklumat projek
2025-12-28 05:59:45,531 | INFO | ✅ Unit modal opened
2025-12-28 05:59:49,377 | INFO | ✅ Clicked Paparan Senarai
2025-12-28 05:59:50,401 | INFO | ✅ Unit rows scraped = 30
2025-12-28 05:59:52,708 | INFO | ✅ Unit modal closed (TUTUP)
2025-12-28 05:59:52,709 | INFO | ✅ Unit details scraped
2025-12-28 05:59:54,226 | INFO | ✅ Returned to listing
2025-12-28 05:59:54,262 | INFO | ✅ [15] Open: 13759-17 TAMAN DESA SUNGAI RAMBAI
2025-12-28 05:59:59,064 | INFO | ✅ Opened project detail
2025-12-28 06:00:02,880 | INFO | ✅ Tab opened: maklumat projek
2025-12-28 06:00:02,893 | INFO | ✅ Daerah Projek = 'Jasin'
2025-12-28 06:00:02,919 | INFO | ✅ Maklumat Projek scraped
2025-12-28 06:00:06,733 | INFO | ✅ Tab opened: status terkini projek
2025-12-28 06:00:06,744 | INFO | ✅ Maklumat Pembangunan = Berfasa
2025-12-28 06:00:06,744 | INFO | ✅ Status Keseluruhan = Siap Dengan CCC
2025-12-28 06:00:06,829 | INFO | ✅ Status table rows = 1
2025-12-28 06:00:10,649 | INFO | ✅ Tab opened: maklumat projek
2025-12-28 06:00:15,467 | INFO | ✅ Unit modal opened
2025-12-28 06:00:19,298 | INFO | ✅ Clicked Paparan Senarai
2025-12-28 06:00:19,581 | INFO | ✅ Unit rows scraped = 8
2025-12-28 06:00:21,890 | INFO | ✅ Unit modal closed (TUTUP)
2025-12-28 06:00:21,890 | INFO | ✅ Unit details scraped
2025-12-28 06:00:23,407 | INFO | ✅ Returned to listing
2025-12-28 06:00:23,442 | INFO | ✅ [16] Open: 13759-15 TAMAN DESA SUNGAI RAMBAI
2025-12-28 06:00:28,245 | INFO | ✅ Opened project detail
2025-12-28 06:00:32,063 | INFO | ✅ Tab opened: maklumat projek
2025-12-28 06:00:32,076 | INFO | ✅ Daerah Projek = 'Jasin'
2025-12-28 06:00:32,103 | INFO | ✅ Maklumat Projek scraped
2025-12-28 06:00:35,916 | INFO | ✅ Tab opened: status terkini projek
2025-12-28 06:00:35,928 | INFO | ✅ Maklumat Pembangunan = Berfasa
2025-12-28 06:00:35,928 | INFO | ✅ Status Keseluruhan = Siap Dengan CCC
2025-12-28 06:00:36,013 | INFO | ✅ Status table rows = 1
2025-12-28 06:00:39,841 | INFO | ✅ Tab opened: maklumat projek
2025-12-28 06:00:44,657 | INFO | ✅ Unit modal opened
2025-12-28 06:00:48,484 | INFO | ✅ Clicked Paparan Senarai
2025-12-28 06:00:48,714 | INFO | ✅ Unit rows scraped = 6
2025-12-28 06:00:51,022 | INFO | ✅ Unit modal closed (TUTUP)
2025-12-28 06:00:51,022 | INFO | ✅ Unit details scraped
2025-12-28 06:00:52,539 | INFO | ✅ Returned to listing
2025-12-28 06:00:52,577 | INFO | ✅ [17] Open: 13759-12 TAMAN MERLIMAU EMAS, SEKSYEN 2
2025-12-28 06:00:57,381 | INFO | ✅ Opened project detail
2025-12-28 06:01:01,204 | INFO | ✅ Tab opened: maklumat projek
2025-12-28 06:01:01,217 | INFO | ✅ Daerah Projek = 'Jasin'
2025-12-28 06:01:01,243 | INFO | ✅ Maklumat Projek scraped
2025-12-28 06:01:05,057 | INFO | ✅ Tab opened: status terkini projek
2025-12-28 06:01:05,070 | INFO | ✅ Maklumat Pembangunan = Berfasa
2025-12-28 06:01:05,070 | INFO | ✅ Status Keseluruhan = Siap Dengan CCC
2025-12-28 06:01:05,176 | INFO | ✅ Status table rows = 1
2025-12-28 06:01:08,990 | INFO | ✅ Tab opened: maklumat projek
2025-12-28 06:01:13,808 | INFO | ✅ Unit modal opened
2025-12-28 06:01:17,634 | INFO | ✅ Clicked Paparan Senarai
2025-12-28 06:01:18,054 | INFO | ✅ Unit rows scraped = 12
2025-12-28 06:01:20,359 | INFO | ✅ Unit modal closed (TUTUP)
2025-12-28 06:01:20,359 | INFO | ✅ Unit details scraped
2025-12-28 06:01:21,876 | INFO | ✅ Returned to listing
2025-12-28 06:01:21,912 | INFO | ✅ [18] Open: 13759-11 PARKLAND CITY SDN BHD
2025-12-28 06:01:26,713 | INFO | ✅ Opened project detail
2025-12-28 06:01:30,529 | INFO | ✅ Tab opened: maklumat projek
2025-12-28 06:01:30,541 | INFO | ✅ Daerah Projek = 'Jasin'
2025-12-28 06:01:30,567 | INFO | ✅ Maklumat Projek scraped
2025-12-28 06:01:34,381 | INFO | ✅ Tab opened: status terkini projek
2025-12-28 06:01:34,393 | INFO | ✅ Maklumat Pembangunan = Berfasa
2025-12-28 06:01:34,393 | INFO | ✅ Status Keseluruhan = Siap Dengan CCC
2025-12-28 06:01:34,539 | INFO | ✅ Status table rows = 2
2025-12-28 06:01:38,357 | INFO | ✅ Tab opened: maklumat projek
2025-12-28 06:01:43,175 | INFO | ✅ Unit modal opened
2025-12-28 06:01:47,011 | INFO | ✅ Clicked Paparan Senarai
2025-12-28 06:01:49,429 | INFO | ✅ Unit rows scraped = 71
2025-12-28 06:01:51,791 | INFO | ✅ Unit modal closed (TUTUP)
2025-12-28 06:01:51,791 | INFO | ✅ Unit details scraped
2025-12-28 06:01:53,310 | INFO | ✅ Returned to listing
2025-12-28 06:01:53,347 | INFO | ✅ [19] Open: 13759-3 TAMAN MUHIBBAH FASA 8B
2025-12-28 06:01:58,152 | INFO | ✅ Opened project detail
2025-12-28 06:02:01,971 | INFO | ✅ Tab opened: maklumat projek
2025-12-28 06:02:01,984 | INFO | ✅ Daerah Projek = 'Jasin'
2025-12-28 06:02:02,012 | INFO | ✅ Maklumat Projek scraped
2025-12-28 06:02:05,825 | INFO | ✅ Tab opened: status terkini projek
2025-12-28 06:02:05,837 | INFO | ✅ Maklumat Pembangunan = Berfasa
2025-12-28 06:02:05,837 | INFO | ✅ Status Keseluruhan = Siap Dengan CCC
2025-12-28 06:02:05,919 | INFO | ✅ Status table rows = 1
2025-12-28 06:02:09,736 | INFO | ✅ Tab opened: maklumat projek
2025-12-28 06:02:14,557 | INFO | ✅ Unit modal opened
2025-12-28 06:02:18,381 | INFO | ✅ Clicked Paparan Senarai
2025-12-28 06:02:18,891 | INFO | ✅ Unit rows scraped = 14
2025-12-28 06:02:21,250 | INFO | ✅ Unit modal closed (TUTUP)
2025-12-28 06:02:21,250 | INFO | ✅ Unit details scraped
2025-12-28 06:02:22,767 | INFO | ✅ Returned to listing
2025-12-28 06:02:22,800 | INFO | ✅ No next page. Pagination done.
2025-12-28 06:02:22,800 | INFO | ✅ Saved CSV: ./data/pemaju/PARKLAND/PARKLAND_MELAKA_ALL_PROJECTS_20251228.csv
2025-12-28 06:02:22,801 | INFO | ✅ Saved CSV: ./data/pemaju/PARKLAND/PARKLAND_MELAKA_HOUSE_TYPE_20251228.csv
2025-12-28 06:02:22,836 | INFO | ✅ Saved CSV: ./data/pemaju/PARKLAND/PARKLAND_MELAKA_UNIT_DETAILS_20251228.csv
2025-12-28 06:02:22,836 | INFO | ✅ SUMMARY: Projects=19, HouseTypes=59, UnitRows=4940
2025-12-28 06:02:22,836 | INFO | ✅ DONE pemaju scrape
2025-12-28 06:02:22,939 | INFO | ✅ Chrome driver closed
