2025-12-25 14:24:43,908 | INFO | ✅ Log file: ./logs/KPKT_SCRAPE_SEKITAR SINARMAS_20251225_121411.log
2025-12-25 14:24:43,908 | INFO | ✅ Start Pemaju: SEKITAR SINARMAS
2025-12-25 14:24:43,908 | INFO | ✅ Output folder: ./data/pemaju/SEKITAR SINARMAS
2025-12-25 14:24:43,908 | INFO | ====== WebDriver manager ======
2025-12-25 14:24:43,974 | INFO | Get LATEST chromedriver version for google-chrome
2025-12-25 14:24:44,005 | INFO | Get LATEST chromedriver version for google-chrome
2025-12-25 14:24:44,038 | INFO | Driver [/home/runner/.wdm/drivers/chromedriver/linux64/143.0.7499.169/chromedriver-linux64/chromedriver] found in cache
2025-12-25 14:24:44,249 | INFO | ✅ Chrome started (headless=True)
2025-12-25 14:24:50,403 | INFO | ✅ Opened https://teduh.kpkt.gov.my/semakan-status-kemajuan
2025-12-25 14:24:55,033 | INFO | ✅ Jenis Carian = Pemaju
2025-12-25 14:24:59,648 | INFO | ✅ Negeri = Melaka
2025-12-25 14:25:01,249 | INFO | ✅ Kata Kunci = SEKITAR SINARMAS
2025-12-25 14:25:03,568 | INFO | ✅ Clicked CARI
2025-12-25 14:25:03,586 | INFO | ✅ Results table loaded
2025-12-25 14:25:03,586 | INFO | ✅ Processing listing page 1
2025-12-25 14:25:03,646 | INFO | ✅ [1] Open: 30883-1 VILA BACHANG
2025-12-25 14:25:08,453 | INFO | ✅ Opened project detail
2025-12-25 14:25:12,285 | INFO | ✅ Tab opened: maklumat projek
2025-12-25 14:25:12,301 | INFO | ✅ Daerah Projek = 'Melaka Tengah'
2025-12-25 14:25:12,336 | INFO | ✅ Maklumat Projek scraped
2025-12-25 14:25:16,154 | INFO | ✅ Tab opened: status terkini projek
2025-12-25 14:25:16,168 | INFO | ✅ Maklumat Pembangunan = Berfasa
2025-12-25 14:25:16,168 | INFO | ✅ Status Keseluruhan = Lancar
2025-12-25 14:25:16,453 | INFO | ✅ Status table rows = 4
2025-12-25 14:25:20,268 | INFO | ✅ Tab opened: maklumat projek
2025-12-25 14:25:25,101 | INFO | ✅ Unit modal opened
2025-12-25 14:25:29,002 | INFO | ✅ Clicked Paparan Senarai
2025-12-25 14:25:35,160 | INFO | ✅ Unit rows scraped = 178
2025-12-25 14:25:37,482 | INFO | ✅ Unit modal closed (TUTUP)
2025-12-25 14:25:37,482 | INFO | ✅ Unit details scraped
2025-12-25 14:25:39,003 | INFO | ✅ Returned to listing
2025-12-25 14:25:39,019 | INFO | ✅ No next page. Pagination done.
2025-12-25 14:25:39,019 | INFO | ✅ Saved CSV: ./data/pemaju/SEKITAR SINARMAS/SEKITAR SINARMAS_MELAKA_ALL_PROJECTS_20251225.csv
2025-12-25 14:25:39,020 | INFO | ✅ Saved CSV: ./data/pemaju/SEKITAR SINARMAS/SEKITAR SINARMAS_MELAKA_HOUSE_TYPE_20251225.csv
2025-12-25 14:25:39,021 | INFO | ✅ Saved CSV: ./data/pemaju/SEKITAR SINARMAS/SEKITAR SINARMAS_MELAKA_UNIT_DETAILS_20251225.csv
2025-12-25 14:25:39,021 | INFO | ✅ SUMMARY: Projects=1, HouseTypes=4, UnitRows=178
2025-12-25 14:25:39,021 | INFO | ✅ DONE pemaju scrape
2025-12-25 14:25:39,093 | INFO | ✅ Chrome driver closed
