2025-12-25 12:36:24,927 | INFO | ✅ Log file: ./logs/KPKT_SCRAPE_MUTIARA LAFAZ_20251225_121411.log
2025-12-25 12:36:24,927 | INFO | ✅ Start Pemaju: MUTIARA LAFAZ
2025-12-25 12:36:24,927 | INFO | ✅ Output folder: ./data/pemaju/MUTIARA LAFAZ
2025-12-25 12:36:24,927 | INFO | ====== WebDriver manager ======
2025-12-25 12:36:24,993 | INFO | Get LATEST chromedriver version for google-chrome
2025-12-25 12:36:25,026 | INFO | Get LATEST chromedriver version for google-chrome
2025-12-25 12:36:25,057 | INFO | Driver [/home/runner/.wdm/drivers/chromedriver/linux64/143.0.7499.169/chromedriver-linux64/chromedriver] found in cache
2025-12-25 12:36:25,263 | INFO | ✅ Chrome started (headless=True)
2025-12-25 12:36:32,597 | INFO | ✅ Opened https://teduh.kpkt.gov.my/semakan-status-kemajuan
2025-12-25 12:36:37,226 | INFO | ✅ Jenis Carian = Pemaju
2025-12-25 12:36:41,843 | INFO | ✅ Negeri = Melaka
2025-12-25 12:36:43,444 | INFO | ✅ Kata Kunci = MUTIARA LAFAZ
2025-12-25 12:36:45,762 | INFO | ✅ Clicked CARI
2025-12-25 12:36:45,781 | INFO | ✅ Results table loaded
2025-12-25 12:36:45,781 | INFO | ✅ Processing listing page 1
2025-12-25 12:36:45,841 | INFO | ✅ [1] Open: 30825-2 TAMAN SELANDAR PERDANA
2025-12-25 12:36:50,649 | INFO | ✅ Opened project detail
2025-12-25 12:36:54,472 | INFO | ✅ Tab opened: maklumat projek
2025-12-25 12:36:54,485 | INFO | ✅ Daerah Projek = '-'
2025-12-25 12:36:54,520 | INFO | ✅ Maklumat Projek scraped
2025-12-25 12:36:58,339 | INFO | ✅ Tab opened: status terkini projek
2025-12-25 12:36:58,353 | INFO | ✅ Maklumat Pembangunan = Berfasa
2025-12-25 12:36:58,354 | INFO | ✅ Status Keseluruhan = Belum Mula
2025-12-25 12:36:58,851 | INFO | ✅ Status table rows = 7
2025-12-25 12:37:02,662 | INFO | ✅ Tab opened: maklumat projek
2025-12-25 12:37:07,492 | INFO | ✅ Unit modal opened
2025-12-25 12:37:11,353 | INFO | ✅ Clicked Paparan Senarai
2025-12-25 12:37:16,813 | INFO | ✅ Unit rows scraped = 164
2025-12-25 12:37:19,130 | INFO | ✅ Unit modal closed (TUTUP)
2025-12-25 12:37:19,130 | INFO | ✅ Unit details scraped
2025-12-25 12:37:20,651 | INFO | ✅ Returned to listing
2025-12-25 12:37:20,686 | INFO | ✅ [2] Open: 30825-1 TAMAN TAMPOI DAMAI
2025-12-25 12:37:25,494 | INFO | ✅ Opened project detail
2025-12-25 12:37:29,321 | INFO | ✅ Tab opened: maklumat projek
2025-12-25 12:37:29,338 | INFO | ✅ Daerah Projek = 'Melaka Tengah'
2025-12-25 12:37:29,373 | INFO | ✅ Maklumat Projek scraped
2025-12-25 12:37:33,189 | INFO | ✅ Tab opened: status terkini projek
2025-12-25 12:37:33,203 | INFO | ✅ Maklumat Pembangunan = Berfasa
2025-12-25 12:37:33,204 | INFO | ✅ Status Keseluruhan = Lancar
2025-12-25 12:37:33,431 | INFO | ✅ Status table rows = 3
2025-12-25 12:37:37,245 | INFO | ✅ Tab opened: maklumat projek
2025-12-25 12:37:42,082 | INFO | ✅ Unit modal opened
2025-12-25 12:37:45,916 | INFO | ✅ Clicked Paparan Senarai
2025-12-25 12:37:46,818 | INFO | ✅ Unit rows scraped = 27
2025-12-25 12:37:49,154 | INFO | ✅ Unit modal closed (TUTUP)
2025-12-25 12:37:49,154 | INFO | ✅ Unit details scraped
2025-12-25 12:37:50,671 | INFO | ✅ Returned to listing
2025-12-25 12:37:50,687 | INFO | ✅ No next page. Pagination done.
2025-12-25 12:37:50,687 | INFO | ✅ Saved CSV: ./data/pemaju/MUTIARA LAFAZ/MUTIARA LAFAZ_MELAKA_ALL_PROJECTS_20251225.csv
2025-12-25 12:37:50,688 | INFO | ✅ Saved CSV: ./data/pemaju/MUTIARA LAFAZ/MUTIARA LAFAZ_MELAKA_HOUSE_TYPE_20251225.csv
2025-12-25 12:37:50,689 | INFO | ✅ Saved CSV: ./data/pemaju/MUTIARA LAFAZ/MUTIARA LAFAZ_MELAKA_UNIT_DETAILS_20251225.csv
2025-12-25 12:37:50,689 | INFO | ✅ SUMMARY: Projects=2, HouseTypes=10, UnitRows=191
2025-12-25 12:37:50,689 | INFO | ✅ DONE pemaju scrape
2025-12-25 12:37:50,781 | INFO | ✅ Chrome driver closed
