2025-12-28 05:46:00,011 | INFO | ✅ Log file: ./logs/KPKT_SCRAPE_SERTA LEGA DEVELOPMENT_20251228_050330.log
2025-12-28 05:46:00,011 | INFO | ✅ Start Pemaju: SERTA LEGA DEVELOPMENT
2025-12-28 05:46:00,011 | INFO | ✅ Output folder: ./data/pemaju/SERTA LEGA DEVELOPMENT
2025-12-28 05:46:00,011 | INFO | ====== WebDriver manager ======
2025-12-28 05:46:00,083 | INFO | Get LATEST chromedriver version for google-chrome
2025-12-28 05:46:00,129 | INFO | Get LATEST chromedriver version for google-chrome
2025-12-28 05:46:00,175 | INFO | Driver [/home/runner/.wdm/drivers/chromedriver/linux64/143.0.7499.169/chromedriver-linux64/chromedriver] found in cache
2025-12-28 05:46:00,392 | INFO | ✅ Chrome started (headless=True)
2025-12-28 05:46:08,481 | INFO | ✅ Opened https://teduh.kpkt.gov.my/semakan-status-kemajuan
2025-12-28 05:46:13,113 | INFO | ✅ Jenis Carian = Pemaju
2025-12-28 05:46:17,738 | INFO | ✅ Negeri = Melaka
2025-12-28 05:46:19,370 | INFO | ✅ Kata Kunci = SERTA LEGA DEVELOPMENT
2025-12-28 05:46:21,693 | INFO | ✅ Clicked CARI
2025-12-28 05:46:21,709 | INFO | ✅ Results table loaded
2025-12-28 05:46:21,709 | INFO | ✅ Processing listing page 1
2025-12-28 05:46:21,772 | INFO | ✅ [1] Open: 31199-1 TAMAN BANDAR BAHARU KIJAL
2025-12-28 05:46:26,591 | INFO | ✅ Opened project detail
2025-12-28 05:46:30,424 | INFO | ✅ Tab opened: maklumat projek
2025-12-28 05:46:30,441 | INFO | ✅ Daerah Projek = '-'
2025-12-28 05:46:30,477 | INFO | ✅ Maklumat Projek scraped
2025-12-28 05:46:34,297 | INFO | ✅ Tab opened: status terkini projek
2025-12-28 05:46:34,312 | INFO | ✅ Maklumat Pembangunan = Berfasa
2025-12-28 05:46:34,312 | INFO | ✅ Status Keseluruhan = Lancar
2025-12-28 05:46:34,407 | INFO | ✅ Status table rows = 1
2025-12-28 05:46:38,227 | INFO | ✅ Tab opened: maklumat projek
2025-12-28 05:46:43,065 | INFO | ✅ Unit modal opened
2025-12-28 05:46:46,939 | INFO | ✅ Clicked Paparan Senarai
2025-12-28 05:46:51,862 | INFO | ✅ Unit rows scraped = 140
2025-12-28 05:46:54,184 | INFO | ✅ Unit modal closed (TUTUP)
2025-12-28 05:46:54,184 | INFO | ✅ Unit details scraped
2025-12-28 05:46:55,707 | INFO | ✅ Returned to listing
2025-12-28 05:46:55,744 | INFO | ✅ [2] Open: 19440-6 TAMAN TANJONG MINYAK JAYA
2025-12-28 05:47:00,552 | INFO | ✅ Opened project detail
2025-12-28 05:47:04,380 | INFO | ✅ Tab opened: maklumat projek
2025-12-28 05:47:04,393 | INFO | ✅ Daerah Projek = 'Melaka Tengah'
2025-12-28 05:47:04,422 | INFO | ✅ Maklumat Projek scraped
2025-12-28 05:47:08,238 | INFO | ✅ Tab opened: status terkini projek
2025-12-28 05:47:08,252 | INFO | ✅ Maklumat Pembangunan = Berfasa
2025-12-28 05:47:08,252 | INFO | ✅ Status Keseluruhan = Lancar
2025-12-28 05:47:08,427 | INFO | ✅ Status table rows = 2
2025-12-28 05:47:12,248 | INFO | ✅ Tab opened: maklumat projek
2025-12-28 05:47:17,081 | INFO | ✅ Unit modal opened
2025-12-28 05:47:20,926 | INFO | ✅ Clicked Paparan Senarai
2025-12-28 05:47:24,098 | INFO | ✅ Unit rows scraped = 91
2025-12-28 05:47:26,459 | INFO | ✅ Unit modal closed (TUTUP)
2025-12-28 05:47:26,460 | INFO | ✅ Unit details scraped
2025-12-28 05:47:27,977 | INFO | ✅ Returned to listing
2025-12-28 05:47:28,013 | INFO | ✅ [3] Open: 19440-5 TAMAN MUHIBBAH
2025-12-28 05:47:32,818 | INFO | ✅ Opened project detail
2025-12-28 05:47:36,639 | INFO | ✅ Tab opened: maklumat projek
2025-12-28 05:47:36,652 | INFO | ✅ Daerah Projek = 'Melaka Tengah'
2025-12-28 05:47:36,679 | INFO | ✅ Maklumat Projek scraped
2025-12-28 05:47:40,493 | INFO | ✅ Tab opened: status terkini projek
2025-12-28 05:47:40,505 | INFO | ✅ Maklumat Pembangunan = Berfasa
2025-12-28 05:47:40,506 | INFO | ✅ Status Keseluruhan = Siap Dengan CCC
2025-12-28 05:47:40,673 | INFO | ✅ Status table rows = 2
2025-12-28 05:47:44,493 | INFO | ✅ Tab opened: maklumat projek
2025-12-28 05:47:49,321 | INFO | ✅ Unit modal opened
2025-12-28 05:47:53,162 | INFO | ✅ Clicked Paparan Senarai
2025-12-28 05:47:54,203 | INFO | ✅ Unit rows scraped = 30
2025-12-28 05:47:56,538 | INFO | ✅ Unit modal closed (TUTUP)
2025-12-28 05:47:56,538 | INFO | ✅ Unit details scraped
2025-12-28 05:47:58,055 | INFO | ✅ Returned to listing
2025-12-28 05:47:58,092 | INFO | ✅ [4] Open: 19440-4 TAMAN BANDAR BARU SIMPANG EMPAT
2025-12-28 05:48:02,897 | INFO | ✅ Opened project detail
2025-12-28 05:48:06,720 | INFO | ✅ Tab opened: maklumat projek
2025-12-28 05:48:06,734 | INFO | ✅ Daerah Projek = 'Alor Gajah'
2025-12-28 05:48:06,764 | INFO | ✅ Maklumat Projek scraped
2025-12-28 05:48:10,581 | INFO | ✅ Tab opened: status terkini projek
2025-12-28 05:48:10,594 | INFO | ✅ Maklumat Pembangunan = Berfasa
2025-12-28 05:48:10,594 | INFO | ✅ Status Keseluruhan = Siap Dengan CCC
2025-12-28 05:48:10,684 | INFO | ✅ Status table rows = 1
2025-12-28 05:48:14,503 | INFO | ✅ Tab opened: maklumat projek
2025-12-28 05:48:19,323 | INFO | ✅ Unit modal opened
2025-12-28 05:48:23,152 | INFO | ✅ Clicked Paparan Senarai
2025-12-28 05:48:23,949 | INFO | ✅ Unit rows scraped = 23
2025-12-28 05:48:26,258 | INFO | ✅ Unit modal closed (TUTUP)
2025-12-28 05:48:26,258 | INFO | ✅ Unit details scraped
2025-12-28 05:48:27,784 | INFO | ✅ Returned to listing
2025-12-28 05:48:27,819 | INFO | ✅ [5] Open: 19440-3 TAMAN MUHIBBAH
2025-12-28 05:48:32,628 | INFO | ✅ Opened project detail
2025-12-28 05:48:36,447 | INFO | ✅ Tab opened: maklumat projek
2025-12-28 05:48:36,461 | INFO | ✅ Daerah Projek = 'Melaka Tengah'
2025-12-28 05:48:36,488 | INFO | ✅ Maklumat Projek scraped
2025-12-28 05:48:40,304 | INFO | ✅ Tab opened: status terkini projek
2025-12-28 05:48:40,316 | INFO | ✅ Maklumat Pembangunan = Berfasa
2025-12-28 05:48:40,316 | INFO | ✅ Status Keseluruhan = Siap Dengan CCC
2025-12-28 05:48:40,481 | INFO | ✅ Status table rows = 2
2025-12-28 05:48:44,297 | INFO | ✅ Tab opened: maklumat projek
2025-12-28 05:48:49,119 | INFO | ✅ Unit modal opened
2025-12-28 05:48:52,947 | INFO | ✅ Clicked Paparan Senarai
2025-12-28 05:48:53,828 | INFO | ✅ Unit rows scraped = 25
2025-12-28 05:48:56,137 | INFO | ✅ Unit modal closed (TUTUP)
2025-12-28 05:48:56,137 | INFO | ✅ Unit details scraped
2025-12-28 05:48:57,654 | INFO | ✅ Returned to listing
2025-12-28 05:48:57,689 | INFO | ✅ [6] Open: 19440-2 TAMAN SRI TANJUNG DAHAN
2025-12-28 05:49:02,494 | INFO | ✅ Opened project detail
2025-12-28 05:49:06,327 | INFO | ✅ Tab opened: maklumat projek
2025-12-28 05:49:06,339 | INFO | ✅ Daerah Projek = 'Alor Gajah'
2025-12-28 05:49:06,367 | INFO | ✅ Maklumat Projek scraped
2025-12-28 05:49:10,183 | INFO | ✅ Tab opened: status terkini projek
2025-12-28 05:49:10,195 | INFO | ✅ Maklumat Pembangunan = Berfasa
2025-12-28 05:49:10,195 | INFO | ✅ Status Keseluruhan = Siap Dengan CCC
2025-12-28 05:49:10,284 | INFO | ✅ Status table rows = 1
2025-12-28 05:49:14,102 | INFO | ✅ Tab opened: maklumat projek
2025-12-28 05:49:18,924 | INFO | ✅ Unit modal opened
2025-12-28 05:49:22,754 | INFO | ✅ Clicked Paparan Senarai
2025-12-28 05:49:23,176 | INFO | ✅ Unit rows scraped = 11
2025-12-28 05:49:25,535 | INFO | ✅ Unit modal closed (TUTUP)
2025-12-28 05:49:25,535 | INFO | ✅ Unit details scraped
2025-12-28 05:49:27,052 | INFO | ✅ Returned to listing
2025-12-28 05:49:27,087 | INFO | ✅ [7] Open: 19440-1 TAMAN GADEK INDAH
2025-12-28 05:49:31,888 | INFO | ✅ Opened project detail
2025-12-28 05:49:35,706 | INFO | ✅ Tab opened: maklumat projek
2025-12-28 05:49:35,719 | INFO | ✅ Daerah Projek = 'Alor Gajah'
2025-12-28 05:49:35,745 | INFO | ✅ Maklumat Projek scraped
2025-12-28 05:49:39,557 | INFO | ✅ Tab opened: status terkini projek
2025-12-28 05:49:39,568 | INFO | ✅ Maklumat Pembangunan = Berfasa
2025-12-28 05:49:39,568 | INFO | ✅ Status Keseluruhan = Siap Dengan CCC
2025-12-28 05:49:39,713 | INFO | ✅ Status table rows = 2
2025-12-28 05:49:43,532 | INFO | ✅ Tab opened: maklumat projek
2025-12-28 05:49:48,353 | INFO | ✅ Unit modal opened
2025-12-28 05:49:52,180 | INFO | ✅ Clicked Paparan Senarai
2025-12-28 05:49:52,710 | INFO | ✅ Unit rows scraped = 15
2025-12-28 05:49:55,067 | INFO | ✅ Unit modal closed (TUTUP)
2025-12-28 05:49:55,067 | INFO | ✅ Unit details scraped
2025-12-28 05:49:56,584 | INFO | ✅ Returned to listing
2025-12-28 05:49:56,813 | INFO | ✅ No next page. Pagination done.
2025-12-28 05:49:56,813 | INFO | ✅ Saved CSV: ./data/pemaju/SERTA LEGA DEVELOPMENT/SERTA LEGA DEVELOPMENT_MELAKA_ALL_PROJECTS_20251228.csv
2025-12-28 05:49:56,814 | INFO | ✅ Saved CSV: ./data/pemaju/SERTA LEGA DEVELOPMENT/SERTA LEGA DEVELOPMENT_MELAKA_HOUSE_TYPE_20251228.csv
2025-12-28 05:49:56,816 | INFO | ✅ Saved CSV: ./data/pemaju/SERTA LEGA DEVELOPMENT/SERTA LEGA DEVELOPMENT_MELAKA_UNIT_DETAILS_20251228.csv
2025-12-28 05:49:56,816 | INFO | ✅ SUMMARY: Projects=7, HouseTypes=11, UnitRows=335
2025-12-28 05:49:56,816 | INFO | ✅ DONE pemaju scrape
2025-12-28 05:49:56,913 | INFO | ✅ Chrome driver closed
