2025-12-28 06:25:09,924 | INFO | ✅ Log file: ./logs/KPKT_SCRAPE_PDG_20251228_050330.log
2025-12-28 06:25:09,924 | INFO | ✅ Start Pemaju: PDG
2025-12-28 06:25:09,924 | INFO | ✅ Output folder: ./data/pemaju/PDG
2025-12-28 06:25:09,924 | INFO | ====== WebDriver manager ======
2025-12-28 06:25:09,991 | INFO | Get LATEST chromedriver version for google-chrome
2025-12-28 06:25:10,037 | INFO | Get LATEST chromedriver version for google-chrome
2025-12-28 06:25:10,081 | INFO | Driver [/home/runner/.wdm/drivers/chromedriver/linux64/143.0.7499.169/chromedriver-linux64/chromedriver] found in cache
2025-12-28 06:25:10,298 | INFO | ✅ Chrome started (headless=True)
2025-12-28 06:25:16,630 | INFO | ✅ Opened https://teduh.kpkt.gov.my/semakan-status-kemajuan
2025-12-28 06:25:21,261 | INFO | ✅ Jenis Carian = Pemaju
2025-12-28 06:25:25,876 | INFO | ✅ Negeri = Melaka
2025-12-28 06:25:27,460 | INFO | ✅ Kata Kunci = PDG
2025-12-28 06:25:29,778 | INFO | ✅ Clicked CARI
2025-12-28 06:25:29,793 | INFO | ✅ Results table loaded
2025-12-28 06:25:29,793 | INFO | ✅ Processing listing page 1
2025-12-28 06:25:29,851 | INFO | ✅ [1] Open: 31199-1 TAMAN BANDAR BAHARU KIJAL
2025-12-28 06:25:34,661 | INFO | ✅ Opened project detail
2025-12-28 06:25:38,492 | INFO | ✅ Tab opened: maklumat projek
2025-12-28 06:25:38,508 | INFO | ✅ Daerah Projek = 'Melaka Tengah'
2025-12-28 06:25:38,542 | INFO | ✅ Maklumat Projek scraped
2025-12-28 06:25:42,367 | INFO | ✅ Tab opened: status terkini projek
2025-12-28 06:25:42,381 | INFO | ✅ Maklumat Pembangunan = Berfasa
2025-12-28 06:25:42,381 | INFO | ✅ Status Keseluruhan = Lancar
2025-12-28 06:25:42,676 | INFO | ✅ Status table rows = 4
2025-12-28 06:25:46,496 | INFO | ✅ Tab opened: maklumat projek
2025-12-28 06:25:51,326 | INFO | ✅ Unit modal opened
2025-12-28 06:25:55,187 | INFO | ✅ Clicked Paparan Senarai
2025-12-28 06:25:58,992 | INFO | ✅ Unit rows scraped = 114
2025-12-28 06:26:01,364 | INFO | ✅ Unit modal closed (TUTUP)
2025-12-28 06:26:01,365 | INFO | ✅ Unit details scraped
2025-12-28 06:26:02,890 | INFO | ✅ Returned to listing
2025-12-28 06:26:02,927 | INFO | ✅ [2] Open: 14392-2 TAMAN OZANA RESIDENCE
2025-12-28 06:26:07,733 | INFO | ✅ Opened project detail
2025-12-28 06:26:11,550 | INFO | ✅ Tab opened: maklumat projek
2025-12-28 06:26:11,566 | INFO | ✅ Daerah Projek = 'Melaka Tengah'
2025-12-28 06:26:11,600 | INFO | ✅ Maklumat Projek scraped
2025-12-28 06:26:15,428 | INFO | ✅ Tab opened: status terkini projek
2025-12-28 06:26:15,443 | INFO | ✅ Maklumat Pembangunan = Berfasa
2025-12-28 06:26:15,443 | INFO | ✅ Status Keseluruhan = Siap Dengan CCC
2025-12-28 06:26:15,873 | INFO | ✅ Status table rows = 6
2025-12-28 06:26:19,689 | INFO | ✅ Tab opened: maklumat projek
2025-12-28 06:26:24,525 | INFO | ✅ Unit modal opened
2025-12-28 06:26:28,398 | INFO | ✅ Clicked Paparan Senarai
2025-12-28 06:26:34,140 | INFO | ✅ Unit rows scraped = 172
2025-12-28 06:26:36,459 | INFO | ✅ Unit modal closed (TUTUP)
2025-12-28 06:26:36,459 | INFO | ✅ Unit details scraped
2025-12-28 06:26:37,980 | INFO | ✅ Returned to listing
2025-12-28 06:26:38,016 | INFO | ✅ [3] Open: 14392-1 THE OZANA RESIDENCES
2025-12-28 06:26:42,832 | INFO | ✅ Opened project detail
2025-12-28 06:26:46,649 | INFO | ✅ Tab opened: maklumat projek
2025-12-28 06:26:46,664 | INFO | ✅ Daerah Projek = 'Melaka Tengah'
2025-12-28 06:26:46,698 | INFO | ✅ Maklumat Projek scraped
2025-12-28 06:26:50,513 | INFO | ✅ Tab opened: status terkini projek
2025-12-28 06:26:50,525 | INFO | ✅ Maklumat Pembangunan = Berfasa
2025-12-28 06:26:50,525 | INFO | ✅ Status Keseluruhan = Siap Dengan CCC
2025-12-28 06:26:51,013 | INFO | ✅ Status table rows = 7
2025-12-28 06:26:54,829 | INFO | ✅ Tab opened: maklumat projek
2025-12-28 06:26:59,662 | INFO | ✅ Unit modal opened
2025-12-28 06:27:03,555 | INFO | ✅ Clicked Paparan Senarai
2025-12-28 06:27:11,819 | INFO | ✅ Unit rows scraped = 243
2025-12-28 06:27:14,197 | INFO | ✅ Unit modal closed (TUTUP)
2025-12-28 06:27:14,197 | INFO | ✅ Unit details scraped
2025-12-28 06:27:15,718 | INFO | ✅ Returned to listing
2025-12-28 06:27:15,753 | INFO | ✅ [4] Open: 9849-18 TAMAN SERI PANDAN
2025-12-28 06:27:20,562 | INFO | ✅ Opened project detail
2025-12-28 06:27:24,384 | INFO | ✅ Tab opened: maklumat projek
2025-12-28 06:27:24,398 | INFO | ✅ Daerah Projek = 'Melaka Tengah'
2025-12-28 06:27:24,435 | INFO | ✅ Maklumat Projek scraped
2025-12-28 06:27:28,252 | INFO | ✅ Tab opened: status terkini projek
2025-12-28 06:27:28,267 | INFO | ✅ Maklumat Pembangunan = Berfasa
2025-12-28 06:27:28,267 | INFO | ✅ Status Keseluruhan = Belum Mula
2025-12-28 06:27:28,628 | INFO | ✅ Status table rows = 5
2025-12-28 06:27:32,440 | INFO | ✅ Tab opened: maklumat projek
2025-12-28 06:27:37,279 | INFO | ✅ Unit modal opened
2025-12-28 06:27:41,128 | INFO | ✅ Clicked Paparan Senarai
2025-12-28 06:27:42,101 | INFO | ✅ Unit rows scraped = 28
2025-12-28 06:27:44,407 | INFO | ✅ Unit modal closed (TUTUP)
2025-12-28 06:27:44,408 | INFO | ✅ Unit details scraped
2025-12-28 06:27:45,925 | INFO | ✅ Returned to listing
2025-12-28 06:27:45,961 | INFO | ✅ [5] Open: 9849-17 TAMAN BUKIT KATIL INDAH
2025-12-28 06:27:50,766 | INFO | ✅ Opened project detail
2025-12-28 06:27:54,582 | INFO | ✅ Tab opened: maklumat projek
2025-12-28 06:27:54,594 | INFO | ✅ Daerah Projek = 'Melaka Tengah'
2025-12-28 06:27:54,621 | INFO | ✅ Maklumat Projek scraped
2025-12-28 06:27:58,437 | INFO | ✅ Tab opened: status terkini projek
2025-12-28 06:27:58,449 | INFO | ✅ Maklumat Pembangunan = Berfasa
2025-12-28 06:27:58,449 | INFO | ✅ Status Keseluruhan = Lancar
2025-12-28 06:27:58,592 | INFO | ✅ Status table rows = 2
2025-12-28 06:28:02,410 | INFO | ✅ Tab opened: maklumat projek
2025-12-28 06:28:07,231 | INFO | ✅ Unit modal opened
2025-12-28 06:28:11,071 | INFO | ✅ Clicked Paparan Senarai
2025-12-28 06:28:11,361 | INFO | ✅ Unit rows scraped = 8
2025-12-28 06:28:13,668 | INFO | ✅ Unit modal closed (TUTUP)
2025-12-28 06:28:13,668 | INFO | ✅ Unit details scraped
2025-12-28 06:28:15,185 | INFO | ✅ Returned to listing
2025-12-28 06:28:15,220 | INFO | ✅ [6] Open: 9849-16 TAMAN PANDAN INDAH
2025-12-28 06:28:20,021 | INFO | ✅ Opened project detail
2025-12-28 06:28:23,840 | INFO | ✅ Tab opened: maklumat projek
2025-12-28 06:28:23,860 | INFO | ✅ Daerah Projek = 'Melaka Tengah'
2025-12-28 06:28:23,886 | INFO | ✅ Maklumat Projek scraped
2025-12-28 06:28:27,699 | INFO | ✅ Tab opened: status terkini projek
2025-12-28 06:28:27,710 | INFO | ✅ Maklumat Pembangunan = Berfasa
2025-12-28 06:28:27,710 | INFO | ✅ Status Keseluruhan = Lancar
2025-12-28 06:28:27,995 | INFO | ✅ Status table rows = 4
2025-12-28 06:28:31,811 | INFO | ✅ Tab opened: maklumat projek
2025-12-28 06:28:36,629 | INFO | ✅ Unit modal opened
2025-12-28 06:28:40,458 | INFO | ✅ Clicked Paparan Senarai
2025-12-28 06:28:40,875 | INFO | ✅ Unit rows scraped = 12
2025-12-28 06:28:43,217 | INFO | ✅ Unit modal closed (TUTUP)
2025-12-28 06:28:43,217 | INFO | ✅ Unit details scraped
2025-12-28 06:28:44,735 | INFO | ✅ Returned to listing
2025-12-28 06:28:44,773 | INFO | ✅ [7] Open: 9849-15 TAMAN CAMAR INDAH
2025-12-28 06:28:49,577 | INFO | ✅ Opened project detail
2025-12-28 06:28:53,394 | INFO | ✅ Tab opened: maklumat projek
2025-12-28 06:28:53,406 | INFO | ✅ Daerah Projek = 'Melaka Tengah'
2025-12-28 06:28:53,434 | INFO | ✅ Maklumat Projek scraped
2025-12-28 06:28:57,247 | INFO | ✅ Tab opened: status terkini projek
2025-12-28 06:28:57,258 | INFO | ✅ Maklumat Pembangunan = Berfasa
2025-12-28 06:28:57,259 | INFO | ✅ Status Keseluruhan = Lancar
2025-12-28 06:28:57,341 | INFO | ✅ Status table rows = 1
2025-12-28 06:29:01,157 | INFO | ✅ Tab opened: maklumat projek
2025-12-28 06:29:05,976 | INFO | ✅ Unit modal opened
2025-12-28 06:29:09,818 | INFO | ✅ Clicked Paparan Senarai
2025-12-28 06:29:10,797 | INFO | ✅ Unit rows scraped = 28
2025-12-28 06:29:13,105 | INFO | ✅ Unit modal closed (TUTUP)
2025-12-28 06:29:13,105 | INFO | ✅ Unit details scraped
2025-12-28 06:29:14,622 | INFO | ✅ Returned to listing
2025-12-28 06:29:14,658 | INFO | ✅ [8] Open: 9849-14 TAMAN PANDAN INDAH (471)
2025-12-28 06:29:19,463 | INFO | ✅ Opened project detail
2025-12-28 06:29:23,281 | INFO | ✅ Tab opened: maklumat projek
2025-12-28 06:29:23,293 | INFO | ✅ Daerah Projek = 'Melaka Tengah'
2025-12-28 06:29:23,321 | INFO | ✅ Maklumat Projek scraped
2025-12-28 06:29:27,138 | INFO | ✅ Tab opened: status terkini projek
2025-12-28 06:29:27,152 | INFO | ✅ Maklumat Pembangunan = Berfasa
2025-12-28 06:29:27,152 | INFO | ✅ Status Keseluruhan = Lancar
2025-12-28 06:29:27,531 | INFO | ✅ Status table rows = 5
2025-12-28 06:29:31,351 | INFO | ✅ Tab opened: maklumat projek
2025-12-28 06:29:36,173 | INFO | ✅ Unit modal opened
2025-12-28 06:29:40,003 | INFO | ✅ Clicked Paparan Senarai
2025-12-28 06:29:40,395 | INFO | ✅ Unit rows scraped = 11
2025-12-28 06:29:42,700 | INFO | ✅ Unit modal closed (TUTUP)
2025-12-28 06:29:42,700 | INFO | ✅ Unit details scraped
2025-12-28 06:29:44,218 | INFO | ✅ Returned to listing
2025-12-28 06:29:44,255 | INFO | ✅ [9] Open: 9849-13 TAMAN BUKIT KATIL PERMAI
2025-12-28 06:29:49,069 | INFO | ✅ Opened project detail
2025-12-28 06:29:52,887 | INFO | ✅ Tab opened: maklumat projek
2025-12-28 06:29:52,901 | INFO | ✅ Daerah Projek = 'Melaka Tengah'
2025-12-28 06:29:52,930 | INFO | ✅ Maklumat Projek scraped
2025-12-28 06:29:56,751 | INFO | ✅ Tab opened: status terkini projek
2025-12-28 06:29:56,763 | INFO | ✅ Maklumat Pembangunan = Berfasa
2025-12-28 06:29:56,764 | INFO | ✅ Status Keseluruhan = Lancar
2025-12-28 06:29:56,924 | INFO | ✅ Status table rows = 2
2025-12-28 06:30:00,741 | INFO | ✅ Tab opened: maklumat projek
2025-12-28 06:30:05,577 | INFO | ✅ Unit modal opened
2025-12-28 06:30:09,403 | INFO | ✅ Clicked Paparan Senarai
2025-12-28 06:30:09,866 | INFO | ✅ Unit rows scraped = 13
2025-12-28 06:30:12,224 | INFO | ✅ Unit modal closed (TUTUP)
2025-12-28 06:30:12,224 | INFO | ✅ Unit details scraped
2025-12-28 06:30:13,741 | INFO | ✅ Returned to listing
2025-12-28 06:30:13,777 | INFO | ✅ [10] Open: 9849-12 TAMAN SERI MANGGA
2025-12-28 06:30:18,579 | INFO | ✅ Opened project detail
2025-12-28 06:30:22,398 | INFO | ✅ Tab opened: maklumat projek
2025-12-28 06:30:22,411 | INFO | ✅ Daerah Projek = 'Melaka Tengah'
2025-12-28 06:30:22,437 | INFO | ✅ Maklumat Projek scraped
2025-12-28 06:30:26,252 | INFO | ✅ Tab opened: status terkini projek
2025-12-28 06:30:26,263 | INFO | ✅ Maklumat Pembangunan = Berfasa
2025-12-28 06:30:26,264 | INFO | ✅ Status Keseluruhan = Siap Dengan CCC
2025-12-28 06:30:26,484 | INFO | ✅ Status table rows = 3
2025-12-28 06:30:30,303 | INFO | ✅ Tab opened: maklumat projek
2025-12-28 06:30:35,122 | INFO | ✅ Unit modal opened
2025-12-28 06:30:38,951 | INFO | ✅ Clicked Paparan Senarai
2025-12-28 06:30:39,547 | INFO | ✅ Unit rows scraped = 17
2025-12-28 06:30:41,856 | INFO | ✅ Unit modal closed (TUTUP)
2025-12-28 06:30:41,857 | INFO | ✅ Unit details scraped
2025-12-28 06:30:43,374 | INFO | ✅ Returned to listing
2025-12-28 06:30:43,411 | INFO | ✅ [11] Open: 9849-11 TAMAN CAMAR INDAH
2025-12-28 06:30:48,214 | INFO | ✅ Opened project detail
2025-12-28 06:30:52,031 | INFO | ✅ Tab opened: maklumat projek
2025-12-28 06:30:52,044 | INFO | ✅ Daerah Projek = 'Melaka Tengah'
2025-12-28 06:30:52,069 | INFO | ✅ Maklumat Projek scraped
2025-12-28 06:30:55,885 | INFO | ✅ Tab opened: status terkini projek
2025-12-28 06:30:55,897 | INFO | ✅ Maklumat Pembangunan = Berfasa
2025-12-28 06:30:55,897 | INFO | ✅ Status Keseluruhan = Siap Dengan CCC
2025-12-28 06:30:56,044 | INFO | ✅ Status table rows = 2
2025-12-28 06:30:59,872 | INFO | ✅ Tab opened: maklumat projek
2025-12-28 06:31:04,694 | INFO | ✅ Unit modal opened
2025-12-28 06:31:08,530 | INFO | ✅ Clicked Paparan Senarai
2025-12-28 06:31:09,504 | INFO | ✅ Unit rows scraped = 28
2025-12-28 06:31:11,865 | INFO | ✅ Unit modal closed (TUTUP)
2025-12-28 06:31:11,865 | INFO | ✅ Unit details scraped
2025-12-28 06:31:13,382 | INFO | ✅ Returned to listing
2025-12-28 06:31:13,417 | INFO | ✅ [12] Open: 9849-10 TAMAN PERTAM JAYA
2025-12-28 06:31:18,221 | INFO | ✅ Opened project detail
2025-12-28 06:31:22,038 | INFO | ✅ Tab opened: maklumat projek
2025-12-28 06:31:22,050 | INFO | ✅ Daerah Projek = 'Melaka Tengah'
2025-12-28 06:31:22,076 | INFO | ✅ Maklumat Projek scraped
2025-12-28 06:31:25,889 | INFO | ✅ Tab opened: status terkini projek
2025-12-28 06:31:25,900 | INFO | ✅ Maklumat Pembangunan = Berfasa
2025-12-28 06:31:25,900 | INFO | ✅ Status Keseluruhan = Siap Dengan CCC
2025-12-28 06:31:26,050 | INFO | ✅ Status table rows = 2
2025-12-28 06:31:29,866 | INFO | ✅ Tab opened: maklumat projek
2025-12-28 06:31:34,684 | INFO | ✅ Unit modal opened
2025-12-28 06:31:38,512 | INFO | ✅ Clicked Paparan Senarai
2025-12-28 06:31:38,796 | INFO | ✅ Unit rows scraped = 8
2025-12-28 06:31:41,131 | INFO | ✅ Unit modal closed (TUTUP)
2025-12-28 06:31:41,131 | INFO | ✅ Unit details scraped
2025-12-28 06:31:42,648 | INFO | ✅ Returned to listing
2025-12-28 06:31:42,683 | INFO | ✅ [13] Open: 9849-8 TAMAN PANDAN JAYA
2025-12-28 06:31:47,487 | INFO | ✅ Opened project detail
2025-12-28 06:31:51,305 | INFO | ✅ Tab opened: maklumat projek
2025-12-28 06:31:51,317 | INFO | ✅ Daerah Projek = 'Melaka Tengah'
2025-12-28 06:31:51,341 | INFO | ✅ Maklumat Projek scraped
2025-12-28 06:31:55,155 | INFO | ✅ Tab opened: status terkini projek
2025-12-28 06:31:55,166 | INFO | ✅ Maklumat Pembangunan = Berfasa
2025-12-28 06:31:55,166 | INFO | ✅ Status Keseluruhan = Siap Dengan CCC
2025-12-28 06:31:55,378 | INFO | ✅ Status table rows = 3
2025-12-28 06:31:59,198 | INFO | ✅ Tab opened: maklumat projek
2025-12-28 06:32:04,016 | INFO | ✅ Unit modal opened
2025-12-28 06:32:07,882 | INFO | ✅ Clicked Paparan Senarai
2025-12-28 06:32:11,493 | INFO | ✅ Unit rows scraped = 108
2025-12-28 06:32:13,838 | INFO | ✅ Unit modal closed (TUTUP)
2025-12-28 06:32:13,839 | INFO | ✅ Unit details scraped
2025-12-28 06:32:15,356 | INFO | ✅ Returned to listing
2025-12-28 06:32:15,392 | INFO | ✅ [14] Open: 9849-7 TAMAN BUKIT KATIL INDAH
2025-12-28 06:32:20,195 | INFO | ✅ Opened project detail
2025-12-28 06:32:24,015 | INFO | ✅ Tab opened: maklumat projek
2025-12-28 06:32:24,028 | INFO | ✅ Daerah Projek = 'Melaka Tengah'
2025-12-28 06:32:24,053 | INFO | ✅ Maklumat Projek scraped
2025-12-28 06:32:27,866 | INFO | ✅ Tab opened: status terkini projek
2025-12-28 06:32:27,877 | INFO | ✅ Maklumat Pembangunan = Berfasa
2025-12-28 06:32:27,877 | INFO | ✅ Status Keseluruhan = Siap Dengan CCC
2025-12-28 06:32:28,029 | INFO | ✅ Status table rows = 2
2025-12-28 06:32:31,849 | INFO | ✅ Tab opened: maklumat projek
2025-12-28 06:32:36,672 | INFO | ✅ Unit modal opened
2025-12-28 06:32:40,499 | INFO | ✅ Clicked Paparan Senarai
2025-12-28 06:32:41,244 | INFO | ✅ Unit rows scraped = 22
2025-12-28 06:32:43,579 | INFO | ✅ Unit modal closed (TUTUP)
2025-12-28 06:32:43,579 | INFO | ✅ Unit details scraped
2025-12-28 06:32:45,096 | INFO | ✅ Returned to listing
2025-12-28 06:32:45,133 | INFO | ✅ [15] Open: 9849-6 TAMAN SAUJANA INDAH
2025-12-28 06:32:49,936 | INFO | ✅ Opened project detail
2025-12-28 06:32:53,749 | INFO | ✅ Tab opened: maklumat projek
2025-12-28 06:32:53,760 | INFO | ✅ Daerah Projek = 'Melaka Tengah'
2025-12-28 06:32:53,787 | INFO | ✅ Maklumat Projek scraped
2025-12-28 06:32:57,598 | INFO | ✅ Tab opened: status terkini projek
2025-12-28 06:32:57,609 | INFO | ✅ Maklumat Pembangunan = Berfasa
2025-12-28 06:32:57,610 | INFO | ✅ Status Keseluruhan = Siap Dengan CCC
2025-12-28 06:32:57,821 | INFO | ✅ Status table rows = 3
2025-12-28 06:33:01,631 | INFO | ✅ Tab opened: maklumat projek
2025-12-28 06:33:06,451 | INFO | ✅ Unit modal opened
2025-12-28 06:33:10,284 | INFO | ✅ Clicked Paparan Senarai
2025-12-28 06:33:11,031 | INFO | ✅ Unit rows scraped = 22
2025-12-28 06:33:13,334 | INFO | ✅ Unit modal closed (TUTUP)
2025-12-28 06:33:13,334 | INFO | ✅ Unit details scraped
2025-12-28 06:33:14,851 | INFO | ✅ Returned to listing
2025-12-28 06:33:14,888 | INFO | ✅ [16] Open: 9849-5 TAMAN SAUJANA INDAH
2025-12-28 06:33:19,691 | INFO | ✅ Opened project detail
2025-12-28 06:33:23,509 | INFO | ✅ Tab opened: maklumat projek
2025-12-28 06:33:23,519 | INFO | ✅ Daerah Projek = 'Melaka Tengah'
2025-12-28 06:33:23,545 | INFO | ✅ Maklumat Projek scraped
2025-12-28 06:33:27,359 | INFO | ✅ Tab opened: status terkini projek
2025-12-28 06:33:27,371 | INFO | ✅ Maklumat Pembangunan = Berfasa
2025-12-28 06:33:27,371 | INFO | ✅ Status Keseluruhan = Siap Dengan CCC
2025-12-28 06:33:27,598 | INFO | ✅ Status table rows = 3
2025-12-28 06:33:31,412 | INFO | ✅ Tab opened: maklumat projek
2025-12-28 06:33:36,230 | INFO | ✅ Unit modal opened
2025-12-28 06:33:40,060 | INFO | ✅ Clicked Paparan Senarai
2025-12-28 06:33:40,842 | INFO | ✅ Unit rows scraped = 22
2025-12-28 06:33:43,147 | INFO | ✅ Unit modal closed (TUTUP)
2025-12-28 06:33:43,147 | INFO | ✅ Unit details scraped
2025-12-28 06:33:44,665 | INFO | ✅ Returned to listing
2025-12-28 06:33:44,700 | INFO | ✅ [17] Open: 9849-4 TAMAN SAUJANA INDAH
2025-12-28 06:33:49,500 | INFO | ✅ Opened project detail
2025-12-28 06:33:53,313 | INFO | ✅ Tab opened: maklumat projek
2025-12-28 06:33:53,324 | INFO | ✅ Daerah Projek = 'Melaka Tengah'
2025-12-28 06:33:53,350 | INFO | ✅ Maklumat Projek scraped
2025-12-28 06:33:57,163 | INFO | ✅ Tab opened: status terkini projek
2025-12-28 06:33:57,174 | INFO | ✅ Maklumat Pembangunan = Berfasa
2025-12-28 06:33:57,174 | INFO | ✅ Status Keseluruhan = Siap Dengan CFO
2025-12-28 06:33:57,533 | INFO | ✅ Status table rows = 5
2025-12-28 06:34:01,345 | INFO | ✅ Tab opened: maklumat projek
2025-12-28 06:34:06,161 | INFO | ✅ Unit modal opened
2025-12-28 06:34:09,992 | INFO | ✅ Clicked Paparan Senarai
2025-12-28 06:34:10,758 | INFO | ✅ Unit rows scraped = 22
2025-12-28 06:34:13,064 | INFO | ✅ Unit modal closed (TUTUP)
2025-12-28 06:34:13,064 | INFO | ✅ Unit details scraped
2025-12-28 06:34:14,582 | INFO | ✅ Returned to listing
2025-12-28 06:34:14,619 | INFO | ✅ [18] Open: 9849-3 TAMAN BUKIT KATIL PERMAI
2025-12-28 06:34:19,423 | INFO | ✅ Opened project detail
2025-12-28 06:34:23,238 | INFO | ✅ Tab opened: maklumat projek
2025-12-28 06:34:23,248 | INFO | ✅ Daerah Projek = 'Melaka Tengah'
2025-12-28 06:34:23,276 | INFO | ✅ Maklumat Projek scraped
2025-12-28 06:34:27,090 | INFO | ✅ Tab opened: status terkini projek
2025-12-28 06:34:27,102 | INFO | ✅ Maklumat Pembangunan = Berfasa
2025-12-28 06:34:27,102 | INFO | ✅ Status Keseluruhan = Siap Dengan CCC
2025-12-28 06:34:27,391 | INFO | ✅ Status table rows = 4
2025-12-28 06:34:31,204 | INFO | ✅ Tab opened: maklumat projek
2025-12-28 06:34:36,022 | INFO | ✅ Unit modal opened
2025-12-28 06:34:39,853 | INFO | ✅ Clicked Paparan Senarai
2025-12-28 06:34:40,599 | INFO | ✅ Unit rows scraped = 22
2025-12-28 06:34:42,919 | INFO | ✅ Unit modal closed (TUTUP)
2025-12-28 06:34:42,920 | INFO | ✅ Unit details scraped
2025-12-28 06:34:44,438 | INFO | ✅ Returned to listing
2025-12-28 06:34:44,477 | INFO | ✅ [19] Open: 9849-2 TAMAN MUHIBBAH
2025-12-28 06:34:49,282 | INFO | ✅ Opened project detail
2025-12-28 06:34:53,097 | INFO | ✅ Tab opened: maklumat projek
2025-12-28 06:34:53,108 | INFO | ✅ Daerah Projek = 'Jasin'
2025-12-28 06:34:53,135 | INFO | ✅ Maklumat Projek scraped
2025-12-28 06:34:56,949 | INFO | ✅ Tab opened: status terkini projek
2025-12-28 06:34:56,960 | INFO | ✅ Maklumat Pembangunan = Berfasa
2025-12-28 06:34:56,960 | INFO | ✅ Status Keseluruhan = Siap Dengan CFO
2025-12-28 06:34:57,106 | INFO | ✅ Status table rows = 2
2025-12-28 06:35:00,919 | INFO | ✅ Tab opened: maklumat projek
2025-12-28 06:35:05,735 | INFO | ✅ Unit modal opened
2025-12-28 06:35:09,564 | INFO | ✅ Clicked Paparan Senarai
2025-12-28 06:35:10,311 | INFO | ✅ Unit rows scraped = 22
2025-12-28 06:35:12,618 | INFO | ✅ Unit modal closed (TUTUP)
2025-12-28 06:35:12,618 | INFO | ✅ Unit details scraped
2025-12-28 06:35:14,134 | INFO | ✅ Returned to listing
2025-12-28 06:35:14,169 | INFO | ✅ [20] Open: 9849-1 TAMAN BUKIT BERUANG BESTARI
2025-12-28 06:35:18,971 | INFO | ✅ Opened project detail
2025-12-28 06:35:22,788 | INFO | ✅ Tab opened: maklumat projek
2025-12-28 06:35:22,799 | INFO | ✅ Daerah Projek = 'Melaka Tengah'
2025-12-28 06:35:22,825 | INFO | ✅ Maklumat Projek scraped
2025-12-28 06:35:26,638 | INFO | ✅ Tab opened: status terkini projek
2025-12-28 06:35:26,650 | INFO | ✅ Maklumat Pembangunan = Berfasa
2025-12-28 06:35:26,650 | INFO | ✅ Status Keseluruhan = Siap Dengan CFO
2025-12-28 06:35:26,732 | INFO | ✅ Status table rows = 1
2025-12-28 06:35:30,543 | INFO | ✅ Tab opened: maklumat projek
2025-12-28 06:35:35,360 | INFO | ✅ Unit modal opened
2025-12-28 06:35:39,191 | INFO | ✅ Clicked Paparan Senarai
2025-12-28 06:35:39,953 | INFO | ✅ Unit rows scraped = 22
2025-12-28 06:35:42,259 | INFO | ✅ Unit modal closed (TUTUP)
2025-12-28 06:35:42,259 | INFO | ✅ Unit details scraped
2025-12-28 06:35:43,777 | INFO | ✅ Returned to listing
2025-12-28 06:35:43,794 | INFO | ✅ No next page. Pagination done.
2025-12-28 06:35:43,794 | INFO | ✅ Saved CSV: ./data/pemaju/PDG/PDG_MELAKA_ALL_PROJECTS_20251228.csv
2025-12-28 06:35:43,795 | INFO | ✅ Saved CSV: ./data/pemaju/PDG/PDG_MELAKA_HOUSE_TYPE_20251228.csv
2025-12-28 06:35:43,802 | INFO | ✅ Saved CSV: ./data/pemaju/PDG/PDG_MELAKA_UNIT_DETAILS_20251228.csv
2025-12-28 06:35:43,803 | INFO | ✅ SUMMARY: Projects=20, HouseTypes=66, UnitRows=944
2025-12-28 06:35:43,803 | INFO | ✅ DONE pemaju scrape
2025-12-28 06:35:43,906 | INFO | ✅ Chrome driver closed
