2025-12-25 12:25:22,303 | INFO | ✅ Log file: ./logs/KPKT_SCRAPE_COUNTRY VILLAS RESORT_20251225_121411.log
2025-12-25 12:25:22,303 | INFO | ✅ Start Pemaju: COUNTRY VILLAS RESORT
2025-12-25 12:25:22,303 | INFO | ✅ Output folder: ./data/pemaju/COUNTRY VILLAS RESORT
2025-12-25 12:25:22,303 | INFO | ====== WebDriver manager ======
2025-12-25 12:25:22,371 | INFO | Get LATEST chromedriver version for google-chrome
2025-12-25 12:25:22,401 | INFO | Get LATEST chromedriver version for google-chrome
2025-12-25 12:25:22,432 | INFO | Driver [/home/runner/.wdm/drivers/chromedriver/linux64/143.0.7499.169/chromedriver-linux64/chromedriver] found in cache
2025-12-25 12:25:22,636 | INFO | ✅ Chrome started (headless=True)
2025-12-25 12:25:29,981 | INFO | ✅ Opened https://teduh.kpkt.gov.my/semakan-status-kemajuan
2025-12-25 12:25:34,612 | INFO | ✅ Jenis Carian = Pemaju
2025-12-25 12:25:39,226 | INFO | ✅ Negeri = Melaka
2025-12-25 12:25:40,835 | INFO | ✅ Kata Kunci = COUNTRY VILLAS RESORT
2025-12-25 12:25:43,154 | INFO | ✅ Clicked CARI
2025-12-25 12:25:43,169 | INFO | ✅ Results table loaded
2025-12-25 12:25:43,169 | INFO | ✅ Processing listing page 1
2025-12-25 12:25:43,229 | INFO | ✅ [1] Open: 31199-1 TAMAN BANDAR BAHARU KIJAL
2025-12-25 12:25:48,041 | INFO | ✅ Opened project detail
2025-12-25 12:25:51,872 | INFO | ✅ Tab opened: maklumat projek
2025-12-25 12:25:51,887 | INFO | ✅ Daerah Projek = 'Jasin'
2025-12-25 12:25:51,922 | INFO | ✅ Maklumat Projek scraped
2025-12-25 12:25:55,737 | INFO | ✅ Tab opened: status terkini projek
2025-12-25 12:25:55,751 | INFO | ✅ Maklumat Pembangunan = Berfasa
2025-12-25 12:25:55,751 | INFO | ✅ Status Keseluruhan = Lancar
2025-12-25 12:25:56,049 | INFO | ✅ Status table rows = 4
2025-12-25 12:25:59,867 | INFO | ✅ Tab opened: maklumat projek
2025-12-25 12:26:04,700 | INFO | ✅ Unit modal opened
2025-12-25 12:26:08,551 | INFO | ✅ Clicked Paparan Senarai
2025-12-25 12:26:10,731 | INFO | ✅ Unit rows scraped = 64
2025-12-25 12:26:13,052 | INFO | ✅ Unit modal closed (TUTUP)
2025-12-25 12:26:13,052 | INFO | ✅ Unit details scraped
2025-12-25 12:26:14,570 | INFO | ✅ Returned to listing
2025-12-25 12:26:14,613 | INFO | ✅ [2] Open: 12308-7 COUNTRY VILLAS RESORT
2025-12-25 12:26:19,417 | INFO | ✅ Opened project detail
2025-12-25 12:26:23,238 | INFO | ✅ Tab opened: maklumat projek
2025-12-25 12:26:23,251 | INFO | ✅ Daerah Projek = 'Jasin'
2025-12-25 12:26:23,278 | INFO | ✅ Maklumat Projek scraped
2025-12-25 12:26:27,099 | INFO | ✅ Tab opened: status terkini projek
2025-12-25 12:26:27,110 | INFO | ✅ Maklumat Pembangunan = Berfasa
2025-12-25 12:26:27,110 | INFO | ✅ Status Keseluruhan = Siap Dengan CCC
2025-12-25 12:26:27,193 | INFO | ✅ Status table rows = 1
2025-12-25 12:26:31,014 | INFO | ✅ Tab opened: maklumat projek
2025-12-25 12:26:35,837 | INFO | ✅ Unit modal opened
2025-12-25 12:26:39,698 | INFO | ✅ Clicked Paparan Senarai
2025-12-25 12:26:43,963 | INFO | ✅ Unit rows scraped = 128
2025-12-25 12:26:46,324 | INFO | ✅ Unit modal closed (TUTUP)
2025-12-25 12:26:46,324 | INFO | ✅ Unit details scraped
2025-12-25 12:26:47,842 | INFO | ✅ Returned to listing
2025-12-25 12:26:47,878 | INFO | ✅ [3] Open: 12308-6 COUNTRY VILLAS RESORT
2025-12-25 12:26:52,679 | INFO | ✅ Opened project detail
2025-12-25 12:26:56,496 | INFO | ✅ Tab opened: maklumat projek
2025-12-25 12:26:56,510 | INFO | ✅ Daerah Projek = 'Jasin'
2025-12-25 12:26:56,535 | INFO | ✅ Maklumat Projek scraped
2025-12-25 12:27:00,349 | INFO | ✅ Tab opened: status terkini projek
2025-12-25 12:27:00,360 | INFO | ✅ Maklumat Pembangunan = Berfasa
2025-12-25 12:27:00,360 | INFO | ✅ Status Keseluruhan = Siap Dengan CCC
2025-12-25 12:27:00,649 | INFO | ✅ Status table rows = 4
2025-12-25 12:27:04,466 | INFO | ✅ Tab opened: maklumat projek
2025-12-25 12:27:09,297 | INFO | ✅ Unit modal opened
2025-12-25 12:27:13,141 | INFO | ✅ Clicked Paparan Senarai
2025-12-25 12:27:15,341 | INFO | ✅ Unit rows scraped = 66
2025-12-25 12:27:17,694 | INFO | ✅ Unit modal closed (TUTUP)
2025-12-25 12:27:17,694 | INFO | ✅ Unit details scraped
2025-12-25 12:27:19,212 | INFO | ✅ Returned to listing
2025-12-25 12:27:19,249 | INFO | ✅ [4] Open: 12308-5 COUNTRY VILLAS RESORT
2025-12-25 12:27:24,051 | INFO | ✅ Opened project detail
2025-12-25 12:27:27,869 | INFO | ✅ Tab opened: maklumat projek
2025-12-25 12:27:27,881 | INFO | ✅ Daerah Projek = 'Jasin'
2025-12-25 12:27:27,908 | INFO | ✅ Maklumat Projek scraped
2025-12-25 12:27:31,721 | INFO | ✅ Tab opened: status terkini projek
2025-12-25 12:27:31,732 | INFO | ✅ Maklumat Pembangunan = Berfasa
2025-12-25 12:27:31,732 | INFO | ✅ Status Keseluruhan = Siap Dengan CCC
2025-12-25 12:27:31,813 | INFO | ✅ Status table rows = 1
2025-12-25 12:27:35,631 | INFO | ✅ Tab opened: maklumat projek
2025-12-25 12:27:40,451 | INFO | ✅ Unit modal opened
2025-12-25 12:27:44,304 | INFO | ✅ Clicked Paparan Senarai
2025-12-25 12:27:48,491 | INFO | ✅ Unit rows scraped = 124
2025-12-25 12:27:50,816 | INFO | ✅ Unit modal closed (TUTUP)
2025-12-25 12:27:50,816 | INFO | ✅ Unit details scraped
2025-12-25 12:27:52,334 | INFO | ✅ Returned to listing
2025-12-25 12:27:52,377 | INFO | ✅ [5] Open: 12308-4 COUNTRY VILLAS RESORT
2025-12-25 12:27:57,178 | INFO | ✅ Opened project detail
2025-12-25 12:28:00,997 | INFO | ✅ Tab opened: maklumat projek
2025-12-25 12:28:01,010 | INFO | ✅ Daerah Projek = 'Jasin'
2025-12-25 12:28:01,037 | INFO | ✅ Maklumat Projek scraped
2025-12-25 12:28:04,850 | INFO | ✅ Tab opened: status terkini projek
2025-12-25 12:28:04,861 | INFO | ✅ Maklumat Pembangunan = Berfasa
2025-12-25 12:28:04,862 | INFO | ✅ Status Keseluruhan = Siap Dengan CCC
2025-12-25 12:28:04,948 | INFO | ✅ Status table rows = 1
2025-12-25 12:28:08,763 | INFO | ✅ Tab opened: maklumat projek
2025-12-25 12:28:13,585 | INFO | ✅ Unit modal opened
2025-12-25 12:28:17,417 | INFO | ✅ Clicked Paparan Senarai
2025-12-25 12:28:19,347 | INFO | ✅ Unit rows scraped = 57
2025-12-25 12:28:21,654 | INFO | ✅ Unit modal closed (TUTUP)
2025-12-25 12:28:21,654 | INFO | ✅ Unit details scraped
2025-12-25 12:28:23,170 | INFO | ✅ Returned to listing
2025-12-25 12:28:23,206 | INFO | ✅ [6] Open: 12308-3 COUNTRY VILLAS RESORT
2025-12-25 12:28:28,009 | INFO | ✅ Opened project detail
2025-12-25 12:28:31,825 | INFO | ✅ Tab opened: maklumat projek
2025-12-25 12:28:31,838 | INFO | ✅ Daerah Projek = 'Jasin'
2025-12-25 12:28:31,864 | INFO | ✅ Maklumat Projek scraped
2025-12-25 12:28:35,678 | INFO | ✅ Tab opened: status terkini projek
2025-12-25 12:28:35,697 | INFO | ✅ Maklumat Pembangunan = Berfasa
2025-12-25 12:28:35,697 | INFO | ✅ Status Keseluruhan = Siap Dengan CCC
2025-12-25 12:28:35,787 | INFO | ✅ Status table rows = 1
2025-12-25 12:28:39,603 | INFO | ✅ Tab opened: maklumat projek
2025-12-25 12:28:44,422 | INFO | ✅ Unit modal opened
2025-12-25 12:28:48,255 | INFO | ✅ Clicked Paparan Senarai
2025-12-25 12:28:49,514 | INFO | ✅ Unit rows scraped = 37
2025-12-25 12:28:51,819 | INFO | ✅ Unit modal closed (TUTUP)
2025-12-25 12:28:51,819 | INFO | ✅ Unit details scraped
2025-12-25 12:28:53,336 | INFO | ✅ Returned to listing
2025-12-25 12:28:53,370 | INFO | ✅ [7] Open: 12308-2 PEBBLE BEACH
2025-12-25 12:28:58,171 | INFO | ✅ Opened project detail
2025-12-25 12:29:01,999 | INFO | ✅ Tab opened: maklumat projek
2025-12-25 12:29:02,011 | INFO | ✅ Daerah Projek = 'Jasin'
2025-12-25 12:29:02,037 | INFO | ✅ Maklumat Projek scraped
2025-12-25 12:29:05,853 | INFO | ✅ Tab opened: status terkini projek
2025-12-25 12:29:05,864 | INFO | ✅ Maklumat Pembangunan = Berfasa
2025-12-25 12:29:05,864 | INFO | ✅ Status Keseluruhan = Siap Dengan CCC
2025-12-25 12:29:06,084 | INFO | ✅ Status table rows = 3
2025-12-25 12:29:09,900 | INFO | ✅ Tab opened: maklumat projek
2025-12-25 12:29:14,723 | INFO | ✅ Unit modal opened
2025-12-25 12:29:18,580 | INFO | ✅ Clicked Paparan Senarai
2025-12-25 12:29:22,864 | INFO | ✅ Unit rows scraped = 129
2025-12-25 12:29:25,174 | INFO | ✅ Unit modal closed (TUTUP)
2025-12-25 12:29:25,174 | INFO | ✅ Unit details scraped
2025-12-25 12:29:26,692 | INFO | ✅ Returned to listing
2025-12-25 12:29:26,726 | INFO | ✅ [8] Open: 12308-1 COUNTRY VILLAS RESORT SDN BHD
2025-12-25 12:29:31,528 | INFO | ✅ Opened project detail
2025-12-25 12:29:35,341 | INFO | ✅ Tab opened: maklumat projek
2025-12-25 12:29:35,352 | INFO | ✅ Daerah Projek = 'Jasin'
2025-12-25 12:29:35,379 | INFO | ✅ Maklumat Projek scraped
2025-12-25 12:29:39,191 | INFO | ✅ Tab opened: status terkini projek
2025-12-25 12:29:39,202 | INFO | ✅ Maklumat Pembangunan = Berfasa
2025-12-25 12:29:39,202 | INFO | ✅ Status Keseluruhan = Siap Dengan CCC
2025-12-25 12:29:39,416 | INFO | ✅ Status table rows = 3
2025-12-25 12:29:43,227 | INFO | ✅ Tab opened: maklumat projek
2025-12-25 12:29:48,048 | INFO | ✅ Unit modal opened
2025-12-25 12:29:51,914 | INFO | ✅ Clicked Paparan Senarai
2025-12-25 12:29:58,519 | INFO | ✅ Unit rows scraped = 199
2025-12-25 12:30:00,836 | INFO | ✅ Unit modal closed (TUTUP)
2025-12-25 12:30:00,836 | INFO | ✅ Unit details scraped
2025-12-25 12:30:02,358 | INFO | ✅ Returned to listing
2025-12-25 12:30:02,576 | INFO | ✅ No next page. Pagination done.
2025-12-25 12:30:02,576 | INFO | ✅ Saved CSV: ./data/pemaju/COUNTRY VILLAS RESORT/COUNTRY VILLAS RESORT_MELAKA_ALL_PROJECTS_20251225.csv
2025-12-25 12:30:02,577 | INFO | ✅ Saved CSV: ./data/pemaju/COUNTRY VILLAS RESORT/COUNTRY VILLAS RESORT_MELAKA_HOUSE_TYPE_20251225.csv
2025-12-25 12:30:02,584 | INFO | ✅ Saved CSV: ./data/pemaju/COUNTRY VILLAS RESORT/COUNTRY VILLAS RESORT_MELAKA_UNIT_DETAILS_20251225.csv
2025-12-25 12:30:02,584 | INFO | ✅ SUMMARY: Projects=8, HouseTypes=18, UnitRows=804
2025-12-25 12:30:02,584 | INFO | ✅ DONE pemaju scrape
2025-12-25 12:30:02,657 | INFO | ✅ Chrome driver closed
