2025-12-28 06:18:13,014 | INFO | ✅ Log file: ./logs/KPKT_SCRAPE_SWISS RELIANCE_20251228_050330.log
2025-12-28 06:18:13,014 | INFO | ✅ Start Pemaju: SWISS RELIANCE
2025-12-28 06:18:13,014 | INFO | ✅ Output folder: ./data/pemaju/SWISS RELIANCE
2025-12-28 06:18:13,014 | INFO | ====== WebDriver manager ======
2025-12-28 06:18:13,081 | INFO | Get LATEST chromedriver version for google-chrome
2025-12-28 06:18:13,130 | INFO | Get LATEST chromedriver version for google-chrome
2025-12-28 06:18:13,174 | INFO | Driver [/home/runner/.wdm/drivers/chromedriver/linux64/143.0.7499.169/chromedriver-linux64/chromedriver] found in cache
2025-12-28 06:18:13,388 | INFO | ✅ Chrome started (headless=True)
2025-12-28 06:18:20,552 | INFO | ✅ Opened https://teduh.kpkt.gov.my/semakan-status-kemajuan
2025-12-28 06:18:25,180 | INFO | ✅ Jenis Carian = Pemaju
2025-12-28 06:18:29,794 | INFO | ✅ Negeri = Melaka
2025-12-28 06:18:31,397 | INFO | ✅ Kata Kunci = SWISS RELIANCE
2025-12-28 06:18:33,713 | INFO | ✅ Clicked CARI
2025-12-28 06:18:33,728 | INFO | ✅ Results table loaded
2025-12-28 06:18:33,728 | INFO | ✅ Processing listing page 1
2025-12-28 06:18:33,786 | INFO | ✅ [1] Open: 31199-1 TAMAN BANDAR BAHARU KIJAL
2025-12-28 06:18:38,594 | INFO | ✅ Opened project detail
2025-12-28 06:18:42,426 | INFO | ✅ Tab opened: maklumat projek
2025-12-28 06:18:42,442 | INFO | ✅ Daerah Projek = 'Alor Gajah'
2025-12-28 06:18:42,486 | INFO | ✅ Maklumat Projek scraped
2025-12-28 06:18:46,302 | INFO | ✅ Tab opened: status terkini projek
2025-12-28 06:18:46,316 | INFO | ✅ Maklumat Pembangunan = Berfasa
2025-12-28 06:18:46,316 | INFO | ✅ Status Keseluruhan = Lancar
2025-12-28 06:18:46,535 | INFO | ✅ Status table rows = 3
2025-12-28 06:18:50,347 | INFO | ✅ Tab opened: maklumat projek
2025-12-28 06:18:55,177 | INFO | ✅ Unit modal opened
2025-12-28 06:18:59,085 | INFO | ✅ Clicked Paparan Senarai
2025-12-28 06:19:08,334 | INFO | ✅ Unit rows scraped = 271
2025-12-28 06:19:10,709 | INFO | ✅ Unit modal closed (TUTUP)
2025-12-28 06:19:10,709 | INFO | ✅ Unit details scraped
2025-12-28 06:19:12,230 | INFO | ✅ Returned to listing
2025-12-28 06:19:12,265 | INFO | ✅ [2] Open: 30761-1 TAMAN REMBIA INDAH
2025-12-28 06:19:17,076 | INFO | ✅ Opened project detail
2025-12-28 06:19:20,914 | INFO | ✅ Tab opened: maklumat projek
2025-12-28 06:19:20,930 | INFO | ✅ Daerah Projek = 'Alor Gajah'
2025-12-28 06:19:20,964 | INFO | ✅ Maklumat Projek scraped
2025-12-28 06:19:24,780 | INFO | ✅ Tab opened: status terkini projek
2025-12-28 06:19:24,794 | INFO | ✅ Maklumat Pembangunan = Berfasa
2025-12-28 06:19:24,794 | INFO | ✅ Status Keseluruhan = Lancar
2025-12-28 06:19:25,155 | INFO | ✅ Status table rows = 5
2025-12-28 06:19:28,970 | INFO | ✅ Tab opened: maklumat projek
2025-12-28 06:19:33,813 | INFO | ✅ Unit modal opened
2025-12-28 06:19:37,740 | INFO | ✅ Clicked Paparan Senarai
2025-12-28 06:19:51,031 | INFO | ✅ Unit rows scraped = 391
2025-12-28 06:19:53,408 | INFO | ✅ Unit modal closed (TUTUP)
2025-12-28 06:19:53,408 | INFO | ✅ Unit details scraped
2025-12-28 06:19:54,929 | INFO | ✅ Returned to listing
2025-12-28 06:19:55,208 | INFO | ✅ No next page. Pagination done.
2025-12-28 06:19:55,209 | INFO | ✅ Saved CSV: ./data/pemaju/SWISS RELIANCE/SWISS RELIANCE_MELAKA_ALL_PROJECTS_20251228.csv
2025-12-28 06:19:55,209 | INFO | ✅ Saved CSV: ./data/pemaju/SWISS RELIANCE/SWISS RELIANCE_MELAKA_HOUSE_TYPE_20251228.csv
2025-12-28 06:19:55,214 | INFO | ✅ Saved CSV: ./data/pemaju/SWISS RELIANCE/SWISS RELIANCE_MELAKA_UNIT_DETAILS_20251228.csv
2025-12-28 06:19:55,214 | INFO | ✅ SUMMARY: Projects=2, HouseTypes=8, UnitRows=662
2025-12-28 06:19:55,214 | INFO | ✅ DONE pemaju scrape
2025-12-28 06:19:55,307 | INFO | ✅ Chrome driver closed
